<?xml version="1.0" encoding="UTF-8"?>
<!-- Generated by org.testng.reporters.JUnitXMLReporter -->
<testsuite ignored="0" hostname="ACER" failures="0" tests="7" name="ChromeTest" time="1.666" errors="0" timestamp="2023-06-03T09:06:09 IST">
  <testcase classname="DemoTestNG.DemoTestNG2" name="@BeforeTest OpenBrowser" time="1.56">
    <failure type="org.openqa.selenium.SessionNotCreatedException" message="session not created: This version of ChromeDriver only supports Chrome version 111
Current browser version is 114.0.5735.90 with binary path C:\Program Files (x86)\Google\Chrome\Application\chrome.exe
Build info: version: &amp;apos;3.141.59&amp;apos;, revision: &amp;apos;e82be7d358&amp;apos;, time: &amp;apos;2018-11-14T08:17:03&amp;apos;
System info: host: &amp;apos;ACER&amp;apos;, ip: &amp;apos;192.168.139.83&amp;apos;, os.name: &amp;apos;Windows 11&amp;apos;, os.arch: &amp;apos;amd64&amp;apos;, os.version: &amp;apos;10.0&amp;apos;, java.version: &amp;apos;17.0.5&amp;apos;
Driver info: driver.version: ChromeDriver
remote stacktrace: Backtrace:
	(No symbol) [0x00CCDCE3]
	(No symbol) [0x00C639D1]
	(No symbol) [0x00B74DA8]
	(No symbol) [0x00B94F6C]
	(No symbol) [0x00B90D11]
	(No symbol) [0x00B8ED19]
	(No symbol) [0x00BC15AE]
	(No symbol) [0x00BC129C]
	(No symbol) [0x00BBACC6]
	(No symbol) [0x00B96F68]
	(No symbol) [0x00B980CD]
	GetHandleVerifier [0x00F43832+2506274]
	GetHandleVerifier [0x00F79794+2727300]
	GetHandleVerifier [0x00F7E36C+2746716]
	GetHandleVerifier [0x00D76690+617600]
	(No symbol) [0x00C6C712]
	(No symbol) [0x00C71FF8]
	(No symbol) [0x00C720DB]
	(No symbol) [0x00C7C63B]
	BaseThreadInitThunk [0x76196739+25]
	RtlGetFullPathName_UEx [0x77928AFF+1215]
	RtlGetFullPathName_UEx [0x77928ACD+1165]
">
      <![CDATA[org.openqa.selenium.SessionNotCreatedException: session not created: This version of ChromeDriver only supports Chrome version 111
Current browser version is 114.0.5735.90 with binary path C:\Program Files (x86)\Google\Chrome\Application\chrome.exe
Build info: version: '3.141.59', revision: 'e82be7d358', time: '2018-11-14T08:17:03'
System info: host: 'ACER', ip: '192.168.139.83', os.name: 'Windows 11', os.arch: 'amd64', os.version: '10.0', java.version: '17.0.5'
Driver info: driver.version: ChromeDriver
remote stacktrace: Backtrace:
(No symbol) [0x00CCDCE3]
(No symbol) [0x00C639D1]
(No symbol) [0x00B74DA8]
(No symbol) [0x00B94F6C]
(No symbol) [0x00B90D11]
(No symbol) [0x00B8ED19]
(No symbol) [0x00BC15AE]
(No symbol) [0x00BC129C]
(No symbol) [0x00BBACC6]
(No symbol) [0x00B96F68]
(No symbol) [0x00B980CD]
GetHandleVerifier [0x00F43832+2506274]
GetHandleVerifier [0x00F79794+2727300]
GetHandleVerifier [0x00F7E36C+2746716]
GetHandleVerifier [0x00D76690+617600]
(No symbol) [0x00C6C712]
(No symbol) [0x00C71FF8]
(No symbol) [0x00C720DB]
(No symbol) [0x00C7C63B]
BaseThreadInitThunk [0x76196739+25]
RtlGetFullPathName_UEx [0x77928AFF+1215]
RtlGetFullPathName_UEx [0x77928ACD+1165]

at org.openqa.selenium.remote.W3CHandshakeResponse.lambda$errorHandler$0(W3CHandshakeResponse.java:62)
at org.openqa.selenium.remote.HandshakeResponse.lambda$getResponseFunction$0(HandshakeResponse.java:30)
at org.openqa.selenium.remote.ProtocolHandshake.lambda$createSession$0(ProtocolHandshake.java:126)
at java.base/java.util.stream.ReferencePipeline$3$1.accept(ReferencePipeline.java:197)
at java.base/java.util.Spliterators$ArraySpliterator.tryAdvance(Spliterators.java:1002)
at java.base/java.util.stream.ReferencePipeline.forEachWithCancel(ReferencePipeline.java:129)
at java.base/java.util.stream.AbstractPipeline.copyIntoWithCancel(AbstractPipeline.java:527)
at java.base/java.util.stream.AbstractPipeline.copyInto(AbstractPipeline.java:513)
at java.base/java.util.stream.AbstractPipeline.wrapAndCopyInto(AbstractPipeline.java:499)
at java.base/java.util.stream.FindOps$FindOp.evaluateSequential(FindOps.java:150)
at java.base/java.util.stream.AbstractPipeline.evaluate(AbstractPipeline.java:234)
at java.base/java.util.stream.ReferencePipeline.findFirst(ReferencePipeline.java:647)
at org.openqa.selenium.remote.ProtocolHandshake.createSession(ProtocolHandshake.java:128)
at org.openqa.selenium.remote.ProtocolHandshake.createSession(ProtocolHandshake.java:74)
at org.openqa.selenium.remote.HttpCommandExecutor.execute(HttpCommandExecutor.java:136)
at org.openqa.selenium.remote.service.DriverCommandExecutor.execute(DriverCommandExecutor.java:83)
at org.openqa.selenium.remote.RemoteWebDriver.execute(RemoteWebDriver.java:552)
at org.openqa.selenium.remote.RemoteWebDriver.startSession(RemoteWebDriver.java:213)
at org.openqa.selenium.remote.RemoteWebDriver.<init>(RemoteWebDriver.java:131)
at org.openqa.selenium.chrome.ChromeDriver.<init>(ChromeDriver.java:181)
at org.openqa.selenium.chrome.ChromeDriver.<init>(ChromeDriver.java:168)
at org.openqa.selenium.chrome.ChromeDriver.<init>(ChromeDriver.java:123)
at BrowserSetup.Base.OpenChromeBrowser(Base.java:21)
at DemoTestNG.DemoTestNG2.OpenBrowser(DemoTestNG2.java:55)
at java.base/java.util.concurrent.FutureTask.run(FutureTask.java:264)
at java.base/java.util.concurrent.ThreadPoolExecutor.runWorker(ThreadPoolExecutor.java:1136)
at java.base/java.util.concurrent.ThreadPoolExecutor$Worker.run(ThreadPoolExecutor.java:635)
at java.base/java.lang.Thread.run(Thread.java:833)
... Removed 20 stack frames]]>
    </failure>
  </testcase> <!-- @BeforeTest OpenBrowser -->
  <testcase classname="DemoTestNG.LoginTestNG" name="@BeforeTest OpenBrowser" time="-1.685763368888E9">
    <skipped/>
  </testcase> <!-- @BeforeTest OpenBrowser -->
  <testcase classname="DemoTestNG.DemoTestNG2" name="@BeforeClass createPOMObject" time="-1.685763368917E9">
    <skipped/>
  </testcase> <!-- @BeforeClass createPOMObject -->
  <testcase classname="DemoTestNG.LoginTestNG" name="@BeforeClass createPOMObject" time="-1.685763368917E9">
    <skipped/>
  </testcase> <!-- @BeforeClass createPOMObject -->
  <testcase classname="DemoTestNG.DemoTestNG2" name="@BeforeMethod beforeMethod" time="-1.685763368931E9">
    <skipped/>
  </testcase> <!-- @BeforeMethod beforeMethod -->
  <testcase classname="DemoTestNG.LoginTestNG" name="@BeforeMethod beforeMethod" time="-1.685763368931E9">
    <skipped/>
  </testcase> <!-- @BeforeMethod beforeMethod -->
  <testcase classname="DemoTestNG.DemoTestNG2" name="@AfterMethod afterMethod" time="-1.685763368943E9">
    <skipped/>
  </testcase> <!-- @AfterMethod afterMethod -->
  <testcase classname="DemoTestNG.LoginTestNG" name="@AfterMethod afterMethod" time="-1.685763368945E9">
    <skipped/>
  </testcase> <!-- @AfterMethod afterMethod -->
  <testcase classname="DemoTestNG.LoginTestNG" name="@BeforeMethod beforeMethod" time="-1.685763368947E9">
    <skipped/>
  </testcase> <!-- @BeforeMethod beforeMethod -->
  <testcase classname="DemoTestNG.DemoTestNG2" name="@BeforeMethod beforeMethod" time="-1.685763368947E9">
    <skipped/>
  </testcase> <!-- @BeforeMethod beforeMethod -->
  <testcase classname="DemoTestNG.LoginTestNG" name="@AfterMethod afterMethod" time="-1.685763368954E9">
    <skipped/>
  </testcase> <!-- @AfterMethod afterMethod -->
  <testcase classname="DemoTestNG.DemoTestNG2" name="@AfterMethod afterMethod" time="-1.685763368955E9">
    <skipped/>
  </testcase> <!-- @AfterMethod afterMethod -->
  <testcase classname="DemoTestNG.LoginTestNG" name="@BeforeMethod beforeMethod" time="-1.685763368956E9">
    <skipped/>
  </testcase> <!-- @BeforeMethod beforeMethod -->
  <testcase classname="DemoTestNG.DemoTestNG2" name="@BeforeMethod beforeMethod" time="-1.685763368957E9">
    <skipped/>
  </testcase> <!-- @BeforeMethod beforeMethod -->
  <testcase classname="DemoTestNG.LoginTestNG" name="@AfterMethod afterMethod" time="-1.685763368963E9">
    <skipped/>
  </testcase> <!-- @AfterMethod afterMethod -->
  <testcase classname="DemoTestNG.DemoTestNG2" name="@AfterMethod afterMethod" time="-1.685763368964E9">
    <skipped/>
  </testcase> <!-- @AfterMethod afterMethod -->
  <testcase classname="DemoTestNG.LoginTestNG" name="@AfterClass clearObject" time="-1.685763368965E9">
    <skipped/>
  </testcase> <!-- @AfterClass clearObject -->
  <testcase classname="DemoTestNG.DemoTestNG2" name="@BeforeMethod beforeMethod" time="-1.685763368965E9">
    <skipped/>
  </testcase> <!-- @BeforeMethod beforeMethod -->
  <testcase classname="DemoTestNG.DemoTestNG2" name="@AfterMethod afterMethod" time="-1.685763368971E9">
    <skipped/>
  </testcase> <!-- @AfterMethod afterMethod -->
  <testcase classname="DemoTestNG.DemoTestNG2" name="@AfterClass clearObject" time="-1.685763368972E9">
    <skipped/>
  </testcase> <!-- @AfterClass clearObject -->
  <testcase classname="DemoTestNG.DemoTestNG2" name="@AfterTest afterTest" time="-1.685763368974E9">
    <skipped/>
  </testcase> <!-- @AfterTest afterTest -->
  <testcase classname="DemoTestNG.LoginTestNG" name="@AfterTest afterTest" time="-1.685763368975E9">
    <skipped/>
  </testcase> <!-- @AfterTest afterTest -->
  <testcase classname="DemoTestNG.DemoTestNG2" name="VerifysignupButtononSignupPage" time="0.0">
    <skipped/>
  </testcase> <!-- VerifysignupButtononSignupPage -->
  <testcase classname="DemoTestNG.LoginTestNG" name="VerifyLoginPageisOpen" time="0.0">
    <skipped/>
  </testcase> <!-- VerifyLoginPageisOpen -->
  <testcase classname="DemoTestNG.LoginTestNG" name="VerifyLoginTextprsentinPage" time="0.0">
    <skipped/>
  </testcase> <!-- VerifyLoginTextprsentinPage -->
  <testcase classname="DemoTestNG.DemoTestNG2" name="VerifyMessageonSignUppage" time="0.0">
    <skipped/>
  </testcase> <!-- VerifyMessageonSignUppage -->
  <testcase classname="DemoTestNG.LoginTestNG" name="VerifyLoginFunctionality" time="0.0">
    <skipped/>
  </testcase> <!-- VerifyLoginFunctionality -->
  <testcase classname="DemoTestNG.DemoTestNG2" name="VerifytheaccountisalreadyExit" time="0.0">
    <skipped/>
  </testcase> <!-- VerifytheaccountisalreadyExit -->
  <testcase classname="DemoTestNG.DemoTestNG2" name="VerifyMessageonSignUpPageisSignup" time="0.0">
    <skipped/>
  </testcase> <!-- VerifyMessageonSignUpPageisSignup -->
</testsuite> <!-- ChromeTest -->
