<?xml version="1.0" encoding="UTF-8"?>
<!-- Generated by org.testng.reporters.JUnitXMLReporter -->
<testsuite ignored="0" hostname="ACER" failures="0" tests="7" name="EdgeTest" time="3.617" errors="0" timestamp="2023-06-03T09:03:09 IST">
  <testcase classname="DemoTestNG.DemoTestNG2" name="@BeforeTest OpenBrowser" time="3.573">
    <failure type="org.openqa.selenium.SessionNotCreatedException" message="session not created: This version of Microsoft Edge WebDriver only supports Microsoft Edge version 110
Current browser version is 113.0.1774.35 with binary path C:\Program Files (x86)\Microsoft\Edge\Application\msedge.exe
Build info: version: &amp;apos;3.141.59&amp;apos;, revision: &amp;apos;e82be7d358&amp;apos;, time: &amp;apos;2018-11-14T08:17:03&amp;apos;
System info: host: &amp;apos;ACER&amp;apos;, ip: &amp;apos;192.168.139.83&amp;apos;, os.name: &amp;apos;Windows 11&amp;apos;, os.arch: &amp;apos;amd64&amp;apos;, os.version: &amp;apos;10.0&amp;apos;, java.version: &amp;apos;17.0.5&amp;apos;
Driver info: driver.version: EdgeDriver
remote stacktrace: Backtrace:
	Microsoft::Applications::Events::EventProperties::SetProperty [0x00007FF7F6D448E2+14722]
	Microsoft::Applications::Events::EventProperty::EventProperty [0x00007FF7F6CDB972+817410]
	(No symbol) [0x00007FF7F696DB50]
	(No symbol) [0x00007FF7F699E691]
	(No symbol) [0x00007FF7F699943D]
	(No symbol) [0x00007FF7F69946B6]
	(No symbol) [0x00007FF7F69D868F]
	(No symbol) [0x00007FF7F69D0343]
	(No symbol) [0x00007FF7F69A1FFC]
	(No symbol) [0x00007FF7F69A0F7E]
	(No symbol) [0x00007FF7F69A27EE]
	Microsoft::Applications::Events::EventProperties::SetProperty [0x00007FF7F6BBF580+181072]
	(No symbol) [0x00007FF7F6A707F7]
	Microsoft::Applications::Events::EventProperty::EventProperty [0x00007FF7F6C20252+49634]
	Microsoft::Applications::Events::EventProperty::EventProperty [0x00007FF7F6C23455+62437]
	Microsoft::Applications::Events::ILogManager::DispatchEventBroadcast [0x00007FF7F6F32018+1407928]
	Microsoft::Applications::Events::EventProperty::EventProperty [0x00007FF7F6CE3E7F+851471]
	Microsoft::Applications::Events::EventProperty::EventProperty [0x00007FF7F6CE8EE4+872052]
	Microsoft::Applications::Events::EventProperty::EventProperty [0x00007FF7F6CE903C+872396]
	Microsoft::Applications::Events::EventProperty::EventProperty [0x00007FF7F6CF134B+905947]
	BaseThreadInitThunk [0x00007FFEDDBA54E0+16]
	RtlUserThreadStart [0x00007FFEDF76485B+43]
">
      <![CDATA[org.openqa.selenium.SessionNotCreatedException: session not created: This version of Microsoft Edge WebDriver only supports Microsoft Edge version 110
Current browser version is 113.0.1774.35 with binary path C:\Program Files (x86)\Microsoft\Edge\Application\msedge.exe
Build info: version: '3.141.59', revision: 'e82be7d358', time: '2018-11-14T08:17:03'
System info: host: 'ACER', ip: '192.168.139.83', os.name: 'Windows 11', os.arch: 'amd64', os.version: '10.0', java.version: '17.0.5'
Driver info: driver.version: EdgeDriver
remote stacktrace: Backtrace:
Microsoft::Applications::Events::EventProperties::SetProperty [0x00007FF7F6D448E2+14722]
Microsoft::Applications::Events::EventProperty::EventProperty [0x00007FF7F6CDB972+817410]
(No symbol) [0x00007FF7F696DB50]
(No symbol) [0x00007FF7F699E691]
(No symbol) [0x00007FF7F699943D]
(No symbol) [0x00007FF7F69946B6]
(No symbol) [0x00007FF7F69D868F]
(No symbol) [0x00007FF7F69D0343]
(No symbol) [0x00007FF7F69A1FFC]
(No symbol) [0x00007FF7F69A0F7E]
(No symbol) [0x00007FF7F69A27EE]
Microsoft::Applications::Events::EventProperties::SetProperty [0x00007FF7F6BBF580+181072]
(No symbol) [0x00007FF7F6A707F7]
Microsoft::Applications::Events::EventProperty::EventProperty [0x00007FF7F6C20252+49634]
Microsoft::Applications::Events::EventProperty::EventProperty [0x00007FF7F6C23455+62437]
Microsoft::Applications::Events::ILogManager::DispatchEventBroadcast [0x00007FF7F6F32018+1407928]
Microsoft::Applications::Events::EventProperty::EventProperty [0x00007FF7F6CE3E7F+851471]
Microsoft::Applications::Events::EventProperty::EventProperty [0x00007FF7F6CE8EE4+872052]
Microsoft::Applications::Events::EventProperty::EventProperty [0x00007FF7F6CE903C+872396]
Microsoft::Applications::Events::EventProperty::EventProperty [0x00007FF7F6CF134B+905947]
BaseThreadInitThunk [0x00007FFEDDBA54E0+16]
RtlUserThreadStart [0x00007FFEDF76485B+43]

at org.openqa.selenium.remote.W3CHandshakeResponse.lambda$errorHandler$0(W3CHandshakeResponse.java:62)
at org.openqa.selenium.remote.HandshakeResponse.lambda$getResponseFunction$0(HandshakeResponse.java:30)
at org.openqa.selenium.remote.ProtocolHandshake.lambda$createSession$0(ProtocolHandshake.java:126)
at java.base/java.util.stream.ReferencePipeline$3$1.accept(ReferencePipeline.java:197)
at java.base/java.util.Spliterators$ArraySpliterator.tryAdvance(Spliterators.java:1002)
at java.base/java.util.stream.ReferencePipeline.forEachWithCancel(ReferencePipeline.java:129)
at java.base/java.util.stream.AbstractPipeline.copyIntoWithCancel(AbstractPipeline.java:527)
at java.base/java.util.stream.AbstractPipeline.copyInto(AbstractPipeline.java:513)
at java.base/java.util.stream.AbstractPipeline.wrapAndCopyInto(AbstractPipeline.java:499)
at java.base/java.util.stream.FindOps$FindOp.evaluateSequential(FindOps.java:150)
at java.base/java.util.stream.AbstractPipeline.evaluate(AbstractPipeline.java:234)
at java.base/java.util.stream.ReferencePipeline.findFirst(ReferencePipeline.java:647)
at org.openqa.selenium.remote.ProtocolHandshake.createSession(ProtocolHandshake.java:128)
at org.openqa.selenium.remote.ProtocolHandshake.createSession(ProtocolHandshake.java:74)
at org.openqa.selenium.remote.HttpCommandExecutor.execute(HttpCommandExecutor.java:136)
at org.openqa.selenium.remote.service.DriverCommandExecutor.execute(DriverCommandExecutor.java:83)
at org.openqa.selenium.remote.RemoteWebDriver.execute(RemoteWebDriver.java:552)
at org.openqa.selenium.remote.RemoteWebDriver.startSession(RemoteWebDriver.java:213)
at org.openqa.selenium.remote.RemoteWebDriver.<init>(RemoteWebDriver.java:131)
at org.openqa.selenium.edge.EdgeDriver.<init>(EdgeDriver.java:141)
at org.openqa.selenium.edge.EdgeDriver.<init>(EdgeDriver.java:96)
at BrowserSetup.Base.OpenEgdeBrowser(Base.java:33)
at DemoTestNG.DemoTestNG2.OpenBrowser(DemoTestNG2.java:63)
at java.base/java.util.concurrent.FutureTask.run(FutureTask.java:264)
at java.base/java.util.concurrent.ThreadPoolExecutor.runWorker(ThreadPoolExecutor.java:1136)
at java.base/java.util.concurrent.ThreadPoolExecutor$Worker.run(ThreadPoolExecutor.java:635)
at java.base/java.lang.Thread.run(Thread.java:833)
... Removed 20 stack frames]]>
    </failure>
  </testcase> <!-- @BeforeTest OpenBrowser -->
  <testcase classname="DemoTestNG.LoginTestNG" name="@BeforeTest OpenBrowser" time="-1.685763189306E9">
    <skipped/>
  </testcase> <!-- @BeforeTest OpenBrowser -->
  <testcase classname="DemoTestNG.DemoTestNG2" name="@BeforeClass createPOMObject" time="-1.685763189308E9">
    <skipped/>
  </testcase> <!-- @BeforeClass createPOMObject -->
  <testcase classname="DemoTestNG.LoginTestNG" name="@BeforeClass createPOMObject" time="-1.685763189309E9">
    <skipped/>
  </testcase> <!-- @BeforeClass createPOMObject -->
  <testcase classname="DemoTestNG.DemoTestNG2" name="@BeforeMethod beforeMethod" time="-1.685763189312E9">
    <skipped/>
  </testcase> <!-- @BeforeMethod beforeMethod -->
  <testcase classname="DemoTestNG.LoginTestNG" name="@BeforeMethod beforeMethod" time="-1.685763189312E9">
    <skipped/>
  </testcase> <!-- @BeforeMethod beforeMethod -->
  <testcase classname="DemoTestNG.DemoTestNG2" name="@AfterMethod afterMethod" time="-1.685763189315E9">
    <skipped/>
  </testcase> <!-- @AfterMethod afterMethod -->
  <testcase classname="DemoTestNG.LoginTestNG" name="@AfterMethod afterMethod" time="-1.685763189316E9">
    <skipped/>
  </testcase> <!-- @AfterMethod afterMethod -->
  <testcase classname="DemoTestNG.DemoTestNG2" name="@BeforeMethod beforeMethod" time="-1.685763189317E9">
    <skipped/>
  </testcase> <!-- @BeforeMethod beforeMethod -->
  <testcase classname="DemoTestNG.LoginTestNG" name="@BeforeMethod beforeMethod" time="-1.685763189318E9">
    <skipped/>
  </testcase> <!-- @BeforeMethod beforeMethod -->
  <testcase classname="DemoTestNG.DemoTestNG2" name="@AfterMethod afterMethod" time="-1.685763189323E9">
    <skipped/>
  </testcase> <!-- @AfterMethod afterMethod -->
  <testcase classname="DemoTestNG.DemoTestNG2" name="@BeforeMethod beforeMethod" time="-1.685763189326E9">
    <skipped/>
  </testcase> <!-- @BeforeMethod beforeMethod -->
  <testcase classname="DemoTestNG.LoginTestNG" name="@AfterMethod afterMethod" time="-1.685763189326E9">
    <skipped/>
  </testcase> <!-- @AfterMethod afterMethod -->
  <testcase classname="DemoTestNG.LoginTestNG" name="@BeforeMethod beforeMethod" time="-1.685763189328E9">
    <skipped/>
  </testcase> <!-- @BeforeMethod beforeMethod -->
  <testcase classname="DemoTestNG.LoginTestNG" name="@AfterMethod afterMethod" time="-1.685763189333E9">
    <skipped/>
  </testcase> <!-- @AfterMethod afterMethod -->
  <testcase classname="DemoTestNG.DemoTestNG2" name="@AfterMethod afterMethod" time="-1.685763189334E9">
    <skipped/>
  </testcase> <!-- @AfterMethod afterMethod -->
  <testcase classname="DemoTestNG.DemoTestNG2" name="@BeforeMethod beforeMethod" time="-1.685763189336E9">
    <skipped/>
  </testcase> <!-- @BeforeMethod beforeMethod -->
  <testcase classname="DemoTestNG.LoginTestNG" name="@AfterClass clearObject" time="-1.685763189336E9">
    <skipped/>
  </testcase> <!-- @AfterClass clearObject -->
  <testcase classname="DemoTestNG.DemoTestNG2" name="@AfterMethod afterMethod" time="-1.685763189341E9">
    <skipped/>
  </testcase> <!-- @AfterMethod afterMethod -->
  <testcase classname="DemoTestNG.DemoTestNG2" name="@AfterClass clearObject" time="-1.685763189342E9">
    <skipped/>
  </testcase> <!-- @AfterClass clearObject -->
  <testcase classname="DemoTestNG.DemoTestNG2" name="@AfterTest afterTest" time="-1.685763189343E9">
    <skipped/>
  </testcase> <!-- @AfterTest afterTest -->
  <testcase classname="DemoTestNG.LoginTestNG" name="@AfterTest afterTest" time="-1.685763189344E9">
    <skipped/>
  </testcase> <!-- @AfterTest afterTest -->
  <testcase classname="DemoTestNG.DemoTestNG2" name="VerifysignupButtononSignupPage" time="0.0">
    <skipped/>
  </testcase> <!-- VerifysignupButtononSignupPage -->
  <testcase classname="DemoTestNG.LoginTestNG" name="VerifyLoginPageisOpen" time="0.0">
    <skipped/>
  </testcase> <!-- VerifyLoginPageisOpen -->
  <testcase classname="DemoTestNG.DemoTestNG2" name="VerifyMessageonSignUppage" time="0.0">
    <skipped/>
  </testcase> <!-- VerifyMessageonSignUppage -->
  <testcase classname="DemoTestNG.LoginTestNG" name="VerifyLoginTextprsentinPage" time="0.0">
    <skipped/>
  </testcase> <!-- VerifyLoginTextprsentinPage -->
  <testcase classname="DemoTestNG.LoginTestNG" name="VerifyLoginFunctionality" time="0.0">
    <skipped/>
  </testcase> <!-- VerifyLoginFunctionality -->
  <testcase classname="DemoTestNG.DemoTestNG2" name="VerifytheaccountisalreadyExit" time="0.0">
    <skipped/>
  </testcase> <!-- VerifytheaccountisalreadyExit -->
  <testcase classname="DemoTestNG.DemoTestNG2" name="VerifyMessageonSignUpPageisSignup" time="0.0">
    <skipped/>
  </testcase> <!-- VerifyMessageonSignUpPageisSignup -->
</testsuite> <!-- EdgeTest -->
