<html>
<head>
<title>TestNG:  EdgeTest</title>
<link href="../testng.css" rel="stylesheet" type="text/css" />
<link href="../my-testng.css" rel="stylesheet" type="text/css" />

<style type="text/css">
.log { display: none;} 
.stack-trace { display: none;} 
</style>
<script type="text/javascript">
<!--
function flip(e) {
  current = e.style.display;
  if (current == 'block') {
    e.style.display = 'none';
    return 0;
  }
  else {
    e.style.display = 'block';
    return 1;
  }
}

function toggleBox(szDivId, elem, msg1, msg2)
{
  var res = -1;  if (document.getElementById) {
    res = flip(document.getElementById(szDivId));
  }
  else if (document.all) {
    // this is the way old msie versions work
    res = flip(document.all[szDivId]);
  }
  if(elem) {
    if(res == 0) elem.innerHTML = msg1; else elem.innerHTML = msg2;
  }

}

function toggleAllBoxes() {
  if (document.getElementsByTagName) {
    d = document.getElementsByTagName('div');
    for (i = 0; i < d.length; i++) {
      if (d[i].className == 'log') {
        flip(d[i]);
      }
    }
  }
}

// -->
</script>

</head>
<body>
<h2 align='center'>EdgeTest</h2><table border='1' align="center">
<tr>
<td>Tests passed/Failed/Skipped:</td><td>0/0/7</td>
</tr><tr>
<td>Started on:</td><td>Sat Jun 03 09:03:05 IST 2023</td>
</tr>
<tr><td>Total time:</td><td>3 seconds (3617 ms)</td>
</tr><tr>
<td>Included groups:</td><td></td>
</tr><tr>
<td>Excluded groups:</td><td></td>
</tr>
</table><p/>
<small><i>(Hover the method name to see the test class name)</i></small><p/>
<table width='100%' border='1' class='invocation-failed'>
<tr><td colspan='4' align='center'><b>FAILED CONFIGURATIONS</b></td></tr>
<tr><td><b>Test method</b></td>
<td width="30%"><b>Exception</b></td>
<td width="10%"><b>Time (seconds)</b></td>
<td><b>Instance</b></td>
</tr>
<tr>
<td title='DemoTestNG.DemoTestNG2.OpenBrowser()'><b>OpenBrowser</b><br>Test class: DemoTestNG.DemoTestNG2<br>Parameters: Edge</td>
<td><div><pre>org.openqa.selenium.SessionNotCreatedException: session not created: This version of Microsoft Edge WebDriver only supports Microsoft Edge version 110
Current browser version is 113.0.1774.35 with binary path C:\Program Files (x86)\Microsoft\Edge\Application\msedge.exe
Build info: version: &apos;3.141.59&apos;, revision: &apos;e82be7d358&apos;, time: &apos;2018-11-14T08:17:03&apos;
System info: host: &apos;ACER&apos;, ip: &apos;192.168.139.83&apos;, os.name: &apos;Windows 11&apos;, os.arch: &apos;amd64&apos;, os.version: &apos;10.0&apos;, java.version: &apos;17.0.5&apos;
Driver info: driver.version: EdgeDriver
remote stacktrace: Backtrace:
	Microsoft::Applications::Events::EventProperties::SetProperty [0x00007FF7F6D448E2+14722]
	Microsoft::Applications::Events::EventProperty::EventProperty [0x00007FF7F6CDB972+817410]
	(No symbol) [0x00007FF7F696DB50]
	(No symbol) [0x00007FF7F699E691]
	(No symbol) [0x00007FF7F699943D]
	(No symbol) [0x00007FF7F69946B6]
	(No symbol) [0x00007FF7F69D868F]
	(No symbol) [0x00007FF7F69D0343]
	(No symbol) [0x00007FF7F69A1FFC]
	(No symbol) [0x00007FF7F69A0F7E]
	(No symbol) [0x00007FF7F69A27EE]
	Microsoft::Applications::Events::EventProperties::SetProperty [0x00007FF7F6BBF580+181072]
	(No symbol) [0x00007FF7F6A707F7]
	Microsoft::Applications::Events::EventProperty::EventProperty [0x00007FF7F6C20252+49634]
	Microsoft::Applications::Events::EventProperty::EventProperty [0x00007FF7F6C23455+62437]
	Microsoft::Applications::Events::ILogManager::DispatchEventBroadcast [0x00007FF7F6F32018+1407928]
	Microsoft::Applications::Events::EventProperty::EventProperty [0x00007FF7F6CE3E7F+851471]
	Microsoft::Applications::Events::EventProperty::EventProperty [0x00007FF7F6CE8EE4+872052]
	Microsoft::Applications::Events::EventProperty::EventProperty [0x00007FF7F6CE903C+872396]
	Microsoft::Applications::Events::EventProperty::EventProperty [0x00007FF7F6CF134B+905947]
	BaseThreadInitThunk [0x00007FFEDDBA54E0+16]
	RtlUserThreadStart [0x00007FFEDF76485B+43]

	at org.openqa.selenium.remote.W3CHandshakeResponse.lambda$errorHandler$0(W3CHandshakeResponse.java:62)
	at org.openqa.selenium.remote.HandshakeResponse.lambda$getResponseFunction$0(HandshakeResponse.java:30)
	at org.openqa.selenium.remote.ProtocolHandshake.lambda$createSession$0(ProtocolHandshake.java:126)
	at java.base/java.util.stream.ReferencePipeline$3$1.accept(ReferencePipeline.java:197)
	at java.base/java.util.Spliterators$ArraySpliterator.tryAdvance(Spliterators.java:1002)
	at java.base/java.util.stream.ReferencePipeline.forEachWithCancel(ReferencePipeline.java:129)
	at java.base/java.util.stream.AbstractPipeline.copyIntoWithCancel(AbstractPipeline.java:527)
	at java.base/java.util.stream.AbstractPipeline.copyInto(AbstractPipeline.java:513)
	at java.base/java.util.stream.AbstractPipeline.wrapAndCopyInto(AbstractPipeline.java:499)
	at java.base/java.util.stream.FindOps$FindOp.evaluateSequential(FindOps.java:150)
	at java.base/java.util.stream.AbstractPipeline.evaluate(AbstractPipeline.java:234)
	at java.base/java.util.stream.ReferencePipeline.findFirst(ReferencePipeline.java:647)
	at org.openqa.selenium.remote.ProtocolHandshake.createSession(ProtocolHandshake.java:128)
	at org.openqa.selenium.remote.ProtocolHandshake.createSession(ProtocolHandshake.java:74)
	at org.openqa.selenium.remote.HttpCommandExecutor.execute(HttpCommandExecutor.java:136)
	at org.openqa.selenium.remote.service.DriverCommandExecutor.execute(DriverCommandExecutor.java:83)
	at org.openqa.selenium.remote.RemoteWebDriver.execute(RemoteWebDriver.java:552)
	at org.openqa.selenium.remote.RemoteWebDriver.startSession(RemoteWebDriver.java:213)
	at org.openqa.selenium.remote.RemoteWebDriver.&lt;init&gt;(RemoteWebDriver.java:131)
	at org.openqa.selenium.edge.EdgeDriver.&lt;init&gt;(EdgeDriver.java:141)
	at org.openqa.selenium.edge.EdgeDriver.&lt;init&gt;(EdgeDriver.java:96)
	at BrowserSetup.Base.OpenEgdeBrowser(Base.java:33)
	at DemoTestNG.DemoTestNG2.OpenBrowser(DemoTestNG2.java:63)
	at java.base/java.util.concurrent.FutureTask.run(FutureTask.java:264)
	at java.base/java.util.concurrent.ThreadPoolExecutor.runWorker(ThreadPoolExecutor.java:1136)
	at java.base/java.util.concurrent.ThreadPoolExecutor$Worker.run(ThreadPoolExecutor.java:635)
	at java.base/java.lang.Thread.run(Thread.java:833)
... Removed 20 stack frames</pre></div><a href='#' onClick='toggleBox("stack-trace1353317002", this, "Click to show all stack frames", "Click to hide stack frames")'>Click to show all stack frames</a>
<div class='stack-trace' id='stack-trace1353317002'><pre>org.openqa.selenium.SessionNotCreatedException: session not created: This version of Microsoft Edge WebDriver only supports Microsoft Edge version 110
Current browser version is 113.0.1774.35 with binary path C:\Program Files (x86)\Microsoft\Edge\Application\msedge.exe
Build info: version: &apos;3.141.59&apos;, revision: &apos;e82be7d358&apos;, time: &apos;2018-11-14T08:17:03&apos;
System info: host: &apos;ACER&apos;, ip: &apos;192.168.139.83&apos;, os.name: &apos;Windows 11&apos;, os.arch: &apos;amd64&apos;, os.version: &apos;10.0&apos;, java.version: &apos;17.0.5&apos;
Driver info: driver.version: EdgeDriver
remote stacktrace: Backtrace:
	Microsoft::Applications::Events::EventProperties::SetProperty [0x00007FF7F6D448E2+14722]
	Microsoft::Applications::Events::EventProperty::EventProperty [0x00007FF7F6CDB972+817410]
	(No symbol) [0x00007FF7F696DB50]
	(No symbol) [0x00007FF7F699E691]
	(No symbol) [0x00007FF7F699943D]
	(No symbol) [0x00007FF7F69946B6]
	(No symbol) [0x00007FF7F69D868F]
	(No symbol) [0x00007FF7F69D0343]
	(No symbol) [0x00007FF7F69A1FFC]
	(No symbol) [0x00007FF7F69A0F7E]
	(No symbol) [0x00007FF7F69A27EE]
	Microsoft::Applications::Events::EventProperties::SetProperty [0x00007FF7F6BBF580+181072]
	(No symbol) [0x00007FF7F6A707F7]
	Microsoft::Applications::Events::EventProperty::EventProperty [0x00007FF7F6C20252+49634]
	Microsoft::Applications::Events::EventProperty::EventProperty [0x00007FF7F6C23455+62437]
	Microsoft::Applications::Events::ILogManager::DispatchEventBroadcast [0x00007FF7F6F32018+1407928]
	Microsoft::Applications::Events::EventProperty::EventProperty [0x00007FF7F6CE3E7F+851471]
	Microsoft::Applications::Events::EventProperty::EventProperty [0x00007FF7F6CE8EE4+872052]
	Microsoft::Applications::Events::EventProperty::EventProperty [0x00007FF7F6CE903C+872396]
	Microsoft::Applications::Events::EventProperty::EventProperty [0x00007FF7F6CF134B+905947]
	BaseThreadInitThunk [0x00007FFEDDBA54E0+16]
	RtlUserThreadStart [0x00007FFEDF76485B+43]

	at java.base/jdk.internal.reflect.NativeConstructorAccessorImpl.newInstance0(Native Method)
	at java.base/jdk.internal.reflect.NativeConstructorAccessorImpl.newInstance(NativeConstructorAccessorImpl.java:77)
	at java.base/jdk.internal.reflect.DelegatingConstructorAccessorImpl.newInstance(DelegatingConstructorAccessorImpl.java:45)
	at java.base/java.lang.reflect.Constructor.newInstanceWithCaller(Constructor.java:499)
	at java.base/java.lang.reflect.Constructor.newInstance(Constructor.java:480)
	at org.openqa.selenium.remote.W3CHandshakeResponse.lambda$errorHandler$0(W3CHandshakeResponse.java:62)
	at org.openqa.selenium.remote.HandshakeResponse.lambda$getResponseFunction$0(HandshakeResponse.java:30)
	at org.openqa.selenium.remote.ProtocolHandshake.lambda$createSession$0(ProtocolHandshake.java:126)
	at java.base/java.util.stream.ReferencePipeline$3$1.accept(ReferencePipeline.java:197)
	at java.base/java.util.Spliterators$ArraySpliterator.tryAdvance(Spliterators.java:1002)
	at java.base/java.util.stream.ReferencePipeline.forEachWithCancel(ReferencePipeline.java:129)
	at java.base/java.util.stream.AbstractPipeline.copyIntoWithCancel(AbstractPipeline.java:527)
	at java.base/java.util.stream.AbstractPipeline.copyInto(AbstractPipeline.java:513)
	at java.base/java.util.stream.AbstractPipeline.wrapAndCopyInto(AbstractPipeline.java:499)
	at java.base/java.util.stream.FindOps$FindOp.evaluateSequential(FindOps.java:150)
	at java.base/java.util.stream.AbstractPipeline.evaluate(AbstractPipeline.java:234)
	at java.base/java.util.stream.ReferencePipeline.findFirst(ReferencePipeline.java:647)
	at org.openqa.selenium.remote.ProtocolHandshake.createSession(ProtocolHandshake.java:128)
	at org.openqa.selenium.remote.ProtocolHandshake.createSession(ProtocolHandshake.java:74)
	at org.openqa.selenium.remote.HttpCommandExecutor.execute(HttpCommandExecutor.java:136)
	at org.openqa.selenium.remote.service.DriverCommandExecutor.execute(DriverCommandExecutor.java:83)
	at org.openqa.selenium.remote.RemoteWebDriver.execute(RemoteWebDriver.java:552)
	at org.openqa.selenium.remote.RemoteWebDriver.startSession(RemoteWebDriver.java:213)
	at org.openqa.selenium.remote.RemoteWebDriver.&lt;init&gt;(RemoteWebDriver.java:131)
	at org.openqa.selenium.edge.EdgeDriver.&lt;init&gt;(EdgeDriver.java:141)
	at org.openqa.selenium.edge.EdgeDriver.&lt;init&gt;(EdgeDriver.java:96)
	at BrowserSetup.Base.OpenEgdeBrowser(Base.java:33)
	at DemoTestNG.DemoTestNG2.OpenBrowser(DemoTestNG2.java:63)
	at java.base/jdk.internal.reflect.NativeMethodAccessorImpl.invoke0(Native Method)
	at java.base/jdk.internal.reflect.NativeMethodAccessorImpl.invoke(NativeMethodAccessorImpl.java:77)
	at java.base/jdk.internal.reflect.DelegatingMethodAccessorImpl.invoke(DelegatingMethodAccessorImpl.java:43)
	at java.base/java.lang.reflect.Method.invoke(Method.java:568)
	at org.testng.internal.MethodInvocationHelper.invokeMethod(MethodInvocationHelper.java:133)
	at org.testng.internal.MethodInvocationHelper.invokeMethodConsideringTimeout(MethodInvocationHelper.java:62)
	at org.testng.internal.ConfigInvoker.invokeConfigurationMethod(ConfigInvoker.java:385)
	at org.testng.internal.ConfigInvoker.invokeConfigurations(ConfigInvoker.java:321)
	at org.testng.TestRunner.invokeTestConfigurations(TestRunner.java:637)
	at org.testng.TestRunner.beforeRun(TestRunner.java:627)
	at org.testng.TestRunner.run(TestRunner.java:589)
	at org.testng.SuiteRunner.runTest(SuiteRunner.java:377)
	at org.testng.SuiteRunner.access$000(SuiteRunner.java:28)
	at org.testng.SuiteRunner$SuiteWorker.run(SuiteRunner.java:418)
	at org.testng.internal.thread.ThreadUtil.lambda$execute$0(ThreadUtil.java:64)
	at java.base/java.util.concurrent.FutureTask.run(FutureTask.java:264)
	at java.base/java.util.concurrent.ThreadPoolExecutor.runWorker(ThreadPoolExecutor.java:1136)
	at java.base/java.util.concurrent.ThreadPoolExecutor$Worker.run(ThreadPoolExecutor.java:635)
	at java.base/java.lang.Thread.run(Thread.java:833)
</pre></div></td>
<td>3</td>
<td>DemoTestNG.DemoTestNG2@4135c3b</td></tr>
</table><p>
<table width='100%' border='1' class='invocation-skipped'>
<tr><td colspan='4' align='center'><b>SKIPPED CONFIGURATIONS</b></td></tr>
<tr><td><b>Test method</b></td>
<td width="30%"><b>Exception</b></td>
<td width="10%"><b>Time (seconds)</b></td>
<td><b>Instance</b></td>
</tr>
<tr>
<td title='DemoTestNG.DemoTestNG2.afterMethod()'><b>afterMethod</b><br>Test class: DemoTestNG.DemoTestNG2</td>
<td></td>
<td>-1685763189</td>
<td>DemoTestNG.DemoTestNG2@4135c3b</td></tr>
<tr>
<td title='DemoTestNG.LoginTestNG.afterMethod()'><b>afterMethod</b><br>Test class: DemoTestNG.LoginTestNG</td>
<td></td>
<td>-1685763189</td>
<td>DemoTestNG.LoginTestNG@6302bbb1</td></tr>
<tr>
<td title='DemoTestNG.DemoTestNG2.afterMethod()'><b>afterMethod</b><br>Test class: DemoTestNG.DemoTestNG2</td>
<td></td>
<td>-1685763189</td>
<td>DemoTestNG.DemoTestNG2@4135c3b</td></tr>
<tr>
<td title='DemoTestNG.LoginTestNG.createPOMObject()'><b>createPOMObject</b><br>Test class: DemoTestNG.LoginTestNG</td>
<td></td>
<td>-1685763189</td>
<td>DemoTestNG.LoginTestNG@6302bbb1</td></tr>
<tr>
<td title='DemoTestNG.LoginTestNG.beforeMethod()'><b>beforeMethod</b><br>Test class: DemoTestNG.LoginTestNG</td>
<td></td>
<td>-1685763189</td>
<td>DemoTestNG.LoginTestNG@6302bbb1</td></tr>
<tr>
<td title='DemoTestNG.LoginTestNG.beforeMethod()'><b>beforeMethod</b><br>Test class: DemoTestNG.LoginTestNG</td>
<td></td>
<td>-1685763189</td>
<td>DemoTestNG.LoginTestNG@6302bbb1</td></tr>
<tr>
<td title='DemoTestNG.DemoTestNG2.afterMethod()'><b>afterMethod</b><br>Test class: DemoTestNG.DemoTestNG2</td>
<td></td>
<td>-1685763189</td>
<td>DemoTestNG.DemoTestNG2@4135c3b</td></tr>
<tr>
<td title='DemoTestNG.DemoTestNG2.createPOMObject()'><b>createPOMObject</b><br>Test class: DemoTestNG.DemoTestNG2</td>
<td></td>
<td>-1685763189</td>
<td>DemoTestNG.DemoTestNG2@4135c3b</td></tr>
<tr>
<td title='DemoTestNG.DemoTestNG2.afterTest()'><b>afterTest</b><br>Test class: DemoTestNG.DemoTestNG2</td>
<td></td>
<td>-1685763189</td>
<td>DemoTestNG.DemoTestNG2@4135c3b</td></tr>
<tr>
<td title='DemoTestNG.DemoTestNG2.beforeMethod()'><b>beforeMethod</b><br>Test class: DemoTestNG.DemoTestNG2</td>
<td></td>
<td>-1685763189</td>
<td>DemoTestNG.DemoTestNG2@4135c3b</td></tr>
<tr>
<td title='DemoTestNG.DemoTestNG2.beforeMethod()'><b>beforeMethod</b><br>Test class: DemoTestNG.DemoTestNG2</td>
<td></td>
<td>-1685763189</td>
<td>DemoTestNG.DemoTestNG2@4135c3b</td></tr>
<tr>
<td title='DemoTestNG.LoginTestNG.clearObject()'><b>clearObject</b><br>Test class: DemoTestNG.LoginTestNG</td>
<td></td>
<td>-1685763189</td>
<td>DemoTestNG.LoginTestNG@6302bbb1</td></tr>
<tr>
<td title='DemoTestNG.LoginTestNG.afterTest()'><b>afterTest</b><br>Test class: DemoTestNG.LoginTestNG</td>
<td></td>
<td>-1685763189</td>
<td>DemoTestNG.LoginTestNG@6302bbb1</td></tr>
<tr>
<td title='DemoTestNG.DemoTestNG2.beforeMethod()'><b>beforeMethod</b><br>Test class: DemoTestNG.DemoTestNG2</td>
<td></td>
<td>-1685763189</td>
<td>DemoTestNG.DemoTestNG2@4135c3b</td></tr>
<tr>
<td title='DemoTestNG.DemoTestNG2.beforeMethod()'><b>beforeMethod</b><br>Test class: DemoTestNG.DemoTestNG2</td>
<td></td>
<td>-1685763189</td>
<td>DemoTestNG.DemoTestNG2@4135c3b</td></tr>
<tr>
<td title='DemoTestNG.DemoTestNG2.afterMethod()'><b>afterMethod</b><br>Test class: DemoTestNG.DemoTestNG2</td>
<td></td>
<td>-1685763189</td>
<td>DemoTestNG.DemoTestNG2@4135c3b</td></tr>
<tr>
<td title='DemoTestNG.DemoTestNG2.clearObject()'><b>clearObject</b><br>Test class: DemoTestNG.DemoTestNG2</td>
<td></td>
<td>-1685763189</td>
<td>DemoTestNG.DemoTestNG2@4135c3b</td></tr>
<tr>
<td title='DemoTestNG.LoginTestNG.afterMethod()'><b>afterMethod</b><br>Test class: DemoTestNG.LoginTestNG</td>
<td></td>
<td>-1685763189</td>
<td>DemoTestNG.LoginTestNG@6302bbb1</td></tr>
<tr>
<td title='DemoTestNG.LoginTestNG.beforeMethod()'><b>beforeMethod</b><br>Test class: DemoTestNG.LoginTestNG</td>
<td></td>
<td>-1685763189</td>
<td>DemoTestNG.LoginTestNG@6302bbb1</td></tr>
<tr>
<td title='DemoTestNG.LoginTestNG.afterMethod()'><b>afterMethod</b><br>Test class: DemoTestNG.LoginTestNG</td>
<td></td>
<td>-1685763189</td>
<td>DemoTestNG.LoginTestNG@6302bbb1</td></tr>
<tr>
<td title='DemoTestNG.LoginTestNG.OpenBrowser()'><b>OpenBrowser</b><br>Test class: DemoTestNG.LoginTestNG</td>
<td></td>
<td>-1685763189</td>
<td>DemoTestNG.LoginTestNG@6302bbb1</td></tr>
</table><p>
<table width='100%' border='1' class='invocation-skipped'>
<tr><td colspan='4' align='center'><b>SKIPPED TESTS</b></td></tr>
<tr><td><b>Test method</b></td>
<td width="30%"><b>Exception</b></td>
<td width="10%"><b>Time (seconds)</b></td>
<td><b>Instance</b></td>
</tr>
<tr>
<td title='DemoTestNG.DemoTestNG2.VerifyMessageonSignUppage()'><b>VerifyMessageonSignUppage</b><br>Test class: DemoTestNG.DemoTestNG2</td>
<td><div><pre>org.openqa.selenium.SessionNotCreatedException: session not created: This version of Microsoft Edge WebDriver only supports Microsoft Edge version 110
Current browser version is 113.0.1774.35 with binary path C:\Program Files (x86)\Microsoft\Edge\Application\msedge.exe
Build info: version: &apos;3.141.59&apos;, revision: &apos;e82be7d358&apos;, time: &apos;2018-11-14T08:17:03&apos;
System info: host: &apos;ACER&apos;, ip: &apos;192.168.139.83&apos;, os.name: &apos;Windows 11&apos;, os.arch: &apos;amd64&apos;, os.version: &apos;10.0&apos;, java.version: &apos;17.0.5&apos;
Driver info: driver.version: EdgeDriver
remote stacktrace: Backtrace:
	Microsoft::Applications::Events::EventProperties::SetProperty [0x00007FF7F6D448E2+14722]
	Microsoft::Applications::Events::EventProperty::EventProperty [0x00007FF7F6CDB972+817410]
	(No symbol) [0x00007FF7F696DB50]
	(No symbol) [0x00007FF7F699E691]
	(No symbol) [0x00007FF7F699943D]
	(No symbol) [0x00007FF7F69946B6]
	(No symbol) [0x00007FF7F69D868F]
	(No symbol) [0x00007FF7F69D0343]
	(No symbol) [0x00007FF7F69A1FFC]
	(No symbol) [0x00007FF7F69A0F7E]
	(No symbol) [0x00007FF7F69A27EE]
	Microsoft::Applications::Events::EventProperties::SetProperty [0x00007FF7F6BBF580+181072]
	(No symbol) [0x00007FF7F6A707F7]
	Microsoft::Applications::Events::EventProperty::EventProperty [0x00007FF7F6C20252+49634]
	Microsoft::Applications::Events::EventProperty::EventProperty [0x00007FF7F6C23455+62437]
	Microsoft::Applications::Events::ILogManager::DispatchEventBroadcast [0x00007FF7F6F32018+1407928]
	Microsoft::Applications::Events::EventProperty::EventProperty [0x00007FF7F6CE3E7F+851471]
	Microsoft::Applications::Events::EventProperty::EventProperty [0x00007FF7F6CE8EE4+872052]
	Microsoft::Applications::Events::EventProperty::EventProperty [0x00007FF7F6CE903C+872396]
	Microsoft::Applications::Events::EventProperty::EventProperty [0x00007FF7F6CF134B+905947]
	BaseThreadInitThunk [0x00007FFEDDBA54E0+16]
	RtlUserThreadStart [0x00007FFEDF76485B+43]

	at org.openqa.selenium.remote.W3CHandshakeResponse.lambda$errorHandler$0(W3CHandshakeResponse.java:62)
	at org.openqa.selenium.remote.HandshakeResponse.lambda$getResponseFunction$0(HandshakeResponse.java:30)
	at org.openqa.selenium.remote.ProtocolHandshake.lambda$createSession$0(ProtocolHandshake.java:126)
	at java.base/java.util.stream.ReferencePipeline$3$1.accept(ReferencePipeline.java:197)
	at java.base/java.util.Spliterators$ArraySpliterator.tryAdvance(Spliterators.java:1002)
	at java.base/java.util.stream.ReferencePipeline.forEachWithCancel(ReferencePipeline.java:129)
	at java.base/java.util.stream.AbstractPipeline.copyIntoWithCancel(AbstractPipeline.java:527)
	at java.base/java.util.stream.AbstractPipeline.copyInto(AbstractPipeline.java:513)
	at java.base/java.util.stream.AbstractPipeline.wrapAndCopyInto(AbstractPipeline.java:499)
	at java.base/java.util.stream.FindOps$FindOp.evaluateSequential(FindOps.java:150)
	at java.base/java.util.stream.AbstractPipeline.evaluate(AbstractPipeline.java:234)
	at java.base/java.util.stream.ReferencePipeline.findFirst(ReferencePipeline.java:647)
	at org.openqa.selenium.remote.ProtocolHandshake.createSession(ProtocolHandshake.java:128)
	at org.openqa.selenium.remote.ProtocolHandshake.createSession(ProtocolHandshake.java:74)
	at org.openqa.selenium.remote.HttpCommandExecutor.execute(HttpCommandExecutor.java:136)
	at org.openqa.selenium.remote.service.DriverCommandExecutor.execute(DriverCommandExecutor.java:83)
	at org.openqa.selenium.remote.RemoteWebDriver.execute(RemoteWebDriver.java:552)
	at org.openqa.selenium.remote.RemoteWebDriver.startSession(RemoteWebDriver.java:213)
	at org.openqa.selenium.remote.RemoteWebDriver.&lt;init&gt;(RemoteWebDriver.java:131)
	at org.openqa.selenium.edge.EdgeDriver.&lt;init&gt;(EdgeDriver.java:141)
	at org.openqa.selenium.edge.EdgeDriver.&lt;init&gt;(EdgeDriver.java:96)
	at BrowserSetup.Base.OpenEgdeBrowser(Base.java:33)
	at DemoTestNG.DemoTestNG2.OpenBrowser(DemoTestNG2.java:63)
	at java.base/java.util.concurrent.FutureTask.run(FutureTask.java:264)
	at java.base/java.util.concurrent.ThreadPoolExecutor.runWorker(ThreadPoolExecutor.java:1136)
	at java.base/java.util.concurrent.ThreadPoolExecutor$Worker.run(ThreadPoolExecutor.java:635)
	at java.base/java.lang.Thread.run(Thread.java:833)
... Removed 20 stack frames</pre></div><a href='#' onClick='toggleBox("stack-trace1072942691", this, "Click to show all stack frames", "Click to hide stack frames")'>Click to show all stack frames</a>
<div class='stack-trace' id='stack-trace1072942691'><pre>org.openqa.selenium.SessionNotCreatedException: session not created: This version of Microsoft Edge WebDriver only supports Microsoft Edge version 110
Current browser version is 113.0.1774.35 with binary path C:\Program Files (x86)\Microsoft\Edge\Application\msedge.exe
Build info: version: &apos;3.141.59&apos;, revision: &apos;e82be7d358&apos;, time: &apos;2018-11-14T08:17:03&apos;
System info: host: &apos;ACER&apos;, ip: &apos;192.168.139.83&apos;, os.name: &apos;Windows 11&apos;, os.arch: &apos;amd64&apos;, os.version: &apos;10.0&apos;, java.version: &apos;17.0.5&apos;
Driver info: driver.version: EdgeDriver
remote stacktrace: Backtrace:
	Microsoft::Applications::Events::EventProperties::SetProperty [0x00007FF7F6D448E2+14722]
	Microsoft::Applications::Events::EventProperty::EventProperty [0x00007FF7F6CDB972+817410]
	(No symbol) [0x00007FF7F696DB50]
	(No symbol) [0x00007FF7F699E691]
	(No symbol) [0x00007FF7F699943D]
	(No symbol) [0x00007FF7F69946B6]
	(No symbol) [0x00007FF7F69D868F]
	(No symbol) [0x00007FF7F69D0343]
	(No symbol) [0x00007FF7F69A1FFC]
	(No symbol) [0x00007FF7F69A0F7E]
	(No symbol) [0x00007FF7F69A27EE]
	Microsoft::Applications::Events::EventProperties::SetProperty [0x00007FF7F6BBF580+181072]
	(No symbol) [0x00007FF7F6A707F7]
	Microsoft::Applications::Events::EventProperty::EventProperty [0x00007FF7F6C20252+49634]
	Microsoft::Applications::Events::EventProperty::EventProperty [0x00007FF7F6C23455+62437]
	Microsoft::Applications::Events::ILogManager::DispatchEventBroadcast [0x00007FF7F6F32018+1407928]
	Microsoft::Applications::Events::EventProperty::EventProperty [0x00007FF7F6CE3E7F+851471]
	Microsoft::Applications::Events::EventProperty::EventProperty [0x00007FF7F6CE8EE4+872052]
	Microsoft::Applications::Events::EventProperty::EventProperty [0x00007FF7F6CE903C+872396]
	Microsoft::Applications::Events::EventProperty::EventProperty [0x00007FF7F6CF134B+905947]
	BaseThreadInitThunk [0x00007FFEDDBA54E0+16]
	RtlUserThreadStart [0x00007FFEDF76485B+43]

	at java.base/jdk.internal.reflect.NativeConstructorAccessorImpl.newInstance0(Native Method)
	at java.base/jdk.internal.reflect.NativeConstructorAccessorImpl.newInstance(NativeConstructorAccessorImpl.java:77)
	at java.base/jdk.internal.reflect.DelegatingConstructorAccessorImpl.newInstance(DelegatingConstructorAccessorImpl.java:45)
	at java.base/java.lang.reflect.Constructor.newInstanceWithCaller(Constructor.java:499)
	at java.base/java.lang.reflect.Constructor.newInstance(Constructor.java:480)
	at org.openqa.selenium.remote.W3CHandshakeResponse.lambda$errorHandler$0(W3CHandshakeResponse.java:62)
	at org.openqa.selenium.remote.HandshakeResponse.lambda$getResponseFunction$0(HandshakeResponse.java:30)
	at org.openqa.selenium.remote.ProtocolHandshake.lambda$createSession$0(ProtocolHandshake.java:126)
	at java.base/java.util.stream.ReferencePipeline$3$1.accept(ReferencePipeline.java:197)
	at java.base/java.util.Spliterators$ArraySpliterator.tryAdvance(Spliterators.java:1002)
	at java.base/java.util.stream.ReferencePipeline.forEachWithCancel(ReferencePipeline.java:129)
	at java.base/java.util.stream.AbstractPipeline.copyIntoWithCancel(AbstractPipeline.java:527)
	at java.base/java.util.stream.AbstractPipeline.copyInto(AbstractPipeline.java:513)
	at java.base/java.util.stream.AbstractPipeline.wrapAndCopyInto(AbstractPipeline.java:499)
	at java.base/java.util.stream.FindOps$FindOp.evaluateSequential(FindOps.java:150)
	at java.base/java.util.stream.AbstractPipeline.evaluate(AbstractPipeline.java:234)
	at java.base/java.util.stream.ReferencePipeline.findFirst(ReferencePipeline.java:647)
	at org.openqa.selenium.remote.ProtocolHandshake.createSession(ProtocolHandshake.java:128)
	at org.openqa.selenium.remote.ProtocolHandshake.createSession(ProtocolHandshake.java:74)
	at org.openqa.selenium.remote.HttpCommandExecutor.execute(HttpCommandExecutor.java:136)
	at org.openqa.selenium.remote.service.DriverCommandExecutor.execute(DriverCommandExecutor.java:83)
	at org.openqa.selenium.remote.RemoteWebDriver.execute(RemoteWebDriver.java:552)
	at org.openqa.selenium.remote.RemoteWebDriver.startSession(RemoteWebDriver.java:213)
	at org.openqa.selenium.remote.RemoteWebDriver.&lt;init&gt;(RemoteWebDriver.java:131)
	at org.openqa.selenium.edge.EdgeDriver.&lt;init&gt;(EdgeDriver.java:141)
	at org.openqa.selenium.edge.EdgeDriver.&lt;init&gt;(EdgeDriver.java:96)
	at BrowserSetup.Base.OpenEgdeBrowser(Base.java:33)
	at DemoTestNG.DemoTestNG2.OpenBrowser(DemoTestNG2.java:63)
	at java.base/jdk.internal.reflect.NativeMethodAccessorImpl.invoke0(Native Method)
	at java.base/jdk.internal.reflect.NativeMethodAccessorImpl.invoke(NativeMethodAccessorImpl.java:77)
	at java.base/jdk.internal.reflect.DelegatingMethodAccessorImpl.invoke(DelegatingMethodAccessorImpl.java:43)
	at java.base/java.lang.reflect.Method.invoke(Method.java:568)
	at org.testng.internal.MethodInvocationHelper.invokeMethod(MethodInvocationHelper.java:133)
	at org.testng.internal.MethodInvocationHelper.invokeMethodConsideringTimeout(MethodInvocationHelper.java:62)
	at org.testng.internal.ConfigInvoker.invokeConfigurationMethod(ConfigInvoker.java:385)
	at org.testng.internal.ConfigInvoker.invokeConfigurations(ConfigInvoker.java:321)
	at org.testng.TestRunner.invokeTestConfigurations(TestRunner.java:637)
	at org.testng.TestRunner.beforeRun(TestRunner.java:627)
	at org.testng.TestRunner.run(TestRunner.java:589)
	at org.testng.SuiteRunner.runTest(SuiteRunner.java:377)
	at org.testng.SuiteRunner.access$000(SuiteRunner.java:28)
	at org.testng.SuiteRunner$SuiteWorker.run(SuiteRunner.java:418)
	at org.testng.internal.thread.ThreadUtil.lambda$execute$0(ThreadUtil.java:64)
	at java.base/java.util.concurrent.FutureTask.run(FutureTask.java:264)
	at java.base/java.util.concurrent.ThreadPoolExecutor.runWorker(ThreadPoolExecutor.java:1136)
	at java.base/java.util.concurrent.ThreadPoolExecutor$Worker.run(ThreadPoolExecutor.java:635)
	at java.base/java.lang.Thread.run(Thread.java:833)
</pre></div></td>
<td>0</td>
<td>DemoTestNG.DemoTestNG2@4135c3b</td></tr>
<tr>
<td title='DemoTestNG.DemoTestNG2.VerifytheaccountisalreadyExit()'><b>VerifytheaccountisalreadyExit</b><br>Test class: DemoTestNG.DemoTestNG2</td>
<td><div><pre>org.openqa.selenium.SessionNotCreatedException: session not created: This version of Microsoft Edge WebDriver only supports Microsoft Edge version 110
Current browser version is 113.0.1774.35 with binary path C:\Program Files (x86)\Microsoft\Edge\Application\msedge.exe
Build info: version: &apos;3.141.59&apos;, revision: &apos;e82be7d358&apos;, time: &apos;2018-11-14T08:17:03&apos;
System info: host: &apos;ACER&apos;, ip: &apos;192.168.139.83&apos;, os.name: &apos;Windows 11&apos;, os.arch: &apos;amd64&apos;, os.version: &apos;10.0&apos;, java.version: &apos;17.0.5&apos;
Driver info: driver.version: EdgeDriver
remote stacktrace: Backtrace:
	Microsoft::Applications::Events::EventProperties::SetProperty [0x00007FF7F6D448E2+14722]
	Microsoft::Applications::Events::EventProperty::EventProperty [0x00007FF7F6CDB972+817410]
	(No symbol) [0x00007FF7F696DB50]
	(No symbol) [0x00007FF7F699E691]
	(No symbol) [0x00007FF7F699943D]
	(No symbol) [0x00007FF7F69946B6]
	(No symbol) [0x00007FF7F69D868F]
	(No symbol) [0x00007FF7F69D0343]
	(No symbol) [0x00007FF7F69A1FFC]
	(No symbol) [0x00007FF7F69A0F7E]
	(No symbol) [0x00007FF7F69A27EE]
	Microsoft::Applications::Events::EventProperties::SetProperty [0x00007FF7F6BBF580+181072]
	(No symbol) [0x00007FF7F6A707F7]
	Microsoft::Applications::Events::EventProperty::EventProperty [0x00007FF7F6C20252+49634]
	Microsoft::Applications::Events::EventProperty::EventProperty [0x00007FF7F6C23455+62437]
	Microsoft::Applications::Events::ILogManager::DispatchEventBroadcast [0x00007FF7F6F32018+1407928]
	Microsoft::Applications::Events::EventProperty::EventProperty [0x00007FF7F6CE3E7F+851471]
	Microsoft::Applications::Events::EventProperty::EventProperty [0x00007FF7F6CE8EE4+872052]
	Microsoft::Applications::Events::EventProperty::EventProperty [0x00007FF7F6CE903C+872396]
	Microsoft::Applications::Events::EventProperty::EventProperty [0x00007FF7F6CF134B+905947]
	BaseThreadInitThunk [0x00007FFEDDBA54E0+16]
	RtlUserThreadStart [0x00007FFEDF76485B+43]

	at org.openqa.selenium.remote.W3CHandshakeResponse.lambda$errorHandler$0(W3CHandshakeResponse.java:62)
	at org.openqa.selenium.remote.HandshakeResponse.lambda$getResponseFunction$0(HandshakeResponse.java:30)
	at org.openqa.selenium.remote.ProtocolHandshake.lambda$createSession$0(ProtocolHandshake.java:126)
	at java.base/java.util.stream.ReferencePipeline$3$1.accept(ReferencePipeline.java:197)
	at java.base/java.util.Spliterators$ArraySpliterator.tryAdvance(Spliterators.java:1002)
	at java.base/java.util.stream.ReferencePipeline.forEachWithCancel(ReferencePipeline.java:129)
	at java.base/java.util.stream.AbstractPipeline.copyIntoWithCancel(AbstractPipeline.java:527)
	at java.base/java.util.stream.AbstractPipeline.copyInto(AbstractPipeline.java:513)
	at java.base/java.util.stream.AbstractPipeline.wrapAndCopyInto(AbstractPipeline.java:499)
	at java.base/java.util.stream.FindOps$FindOp.evaluateSequential(FindOps.java:150)
	at java.base/java.util.stream.AbstractPipeline.evaluate(AbstractPipeline.java:234)
	at java.base/java.util.stream.ReferencePipeline.findFirst(ReferencePipeline.java:647)
	at org.openqa.selenium.remote.ProtocolHandshake.createSession(ProtocolHandshake.java:128)
	at org.openqa.selenium.remote.ProtocolHandshake.createSession(ProtocolHandshake.java:74)
	at org.openqa.selenium.remote.HttpCommandExecutor.execute(HttpCommandExecutor.java:136)
	at org.openqa.selenium.remote.service.DriverCommandExecutor.execute(DriverCommandExecutor.java:83)
	at org.openqa.selenium.remote.RemoteWebDriver.execute(RemoteWebDriver.java:552)
	at org.openqa.selenium.remote.RemoteWebDriver.startSession(RemoteWebDriver.java:213)
	at org.openqa.selenium.remote.RemoteWebDriver.&lt;init&gt;(RemoteWebDriver.java:131)
	at org.openqa.selenium.edge.EdgeDriver.&lt;init&gt;(EdgeDriver.java:141)
	at org.openqa.selenium.edge.EdgeDriver.&lt;init&gt;(EdgeDriver.java:96)
	at BrowserSetup.Base.OpenEgdeBrowser(Base.java:33)
	at DemoTestNG.DemoTestNG2.OpenBrowser(DemoTestNG2.java:63)
	at java.base/java.util.concurrent.FutureTask.run(FutureTask.java:264)
	at java.base/java.util.concurrent.ThreadPoolExecutor.runWorker(ThreadPoolExecutor.java:1136)
	at java.base/java.util.concurrent.ThreadPoolExecutor$Worker.run(ThreadPoolExecutor.java:635)
	at java.base/java.lang.Thread.run(Thread.java:833)
... Removed 20 stack frames</pre></div><a href='#' onClick='toggleBox("stack-trace446480607", this, "Click to show all stack frames", "Click to hide stack frames")'>Click to show all stack frames</a>
<div class='stack-trace' id='stack-trace446480607'><pre>org.openqa.selenium.SessionNotCreatedException: session not created: This version of Microsoft Edge WebDriver only supports Microsoft Edge version 110
Current browser version is 113.0.1774.35 with binary path C:\Program Files (x86)\Microsoft\Edge\Application\msedge.exe
Build info: version: &apos;3.141.59&apos;, revision: &apos;e82be7d358&apos;, time: &apos;2018-11-14T08:17:03&apos;
System info: host: &apos;ACER&apos;, ip: &apos;192.168.139.83&apos;, os.name: &apos;Windows 11&apos;, os.arch: &apos;amd64&apos;, os.version: &apos;10.0&apos;, java.version: &apos;17.0.5&apos;
Driver info: driver.version: EdgeDriver
remote stacktrace: Backtrace:
	Microsoft::Applications::Events::EventProperties::SetProperty [0x00007FF7F6D448E2+14722]
	Microsoft::Applications::Events::EventProperty::EventProperty [0x00007FF7F6CDB972+817410]
	(No symbol) [0x00007FF7F696DB50]
	(No symbol) [0x00007FF7F699E691]
	(No symbol) [0x00007FF7F699943D]
	(No symbol) [0x00007FF7F69946B6]
	(No symbol) [0x00007FF7F69D868F]
	(No symbol) [0x00007FF7F69D0343]
	(No symbol) [0x00007FF7F69A1FFC]
	(No symbol) [0x00007FF7F69A0F7E]
	(No symbol) [0x00007FF7F69A27EE]
	Microsoft::Applications::Events::EventProperties::SetProperty [0x00007FF7F6BBF580+181072]
	(No symbol) [0x00007FF7F6A707F7]
	Microsoft::Applications::Events::EventProperty::EventProperty [0x00007FF7F6C20252+49634]
	Microsoft::Applications::Events::EventProperty::EventProperty [0x00007FF7F6C23455+62437]
	Microsoft::Applications::Events::ILogManager::DispatchEventBroadcast [0x00007FF7F6F32018+1407928]
	Microsoft::Applications::Events::EventProperty::EventProperty [0x00007FF7F6CE3E7F+851471]
	Microsoft::Applications::Events::EventProperty::EventProperty [0x00007FF7F6CE8EE4+872052]
	Microsoft::Applications::Events::EventProperty::EventProperty [0x00007FF7F6CE903C+872396]
	Microsoft::Applications::Events::EventProperty::EventProperty [0x00007FF7F6CF134B+905947]
	BaseThreadInitThunk [0x00007FFEDDBA54E0+16]
	RtlUserThreadStart [0x00007FFEDF76485B+43]

	at java.base/jdk.internal.reflect.NativeConstructorAccessorImpl.newInstance0(Native Method)
	at java.base/jdk.internal.reflect.NativeConstructorAccessorImpl.newInstance(NativeConstructorAccessorImpl.java:77)
	at java.base/jdk.internal.reflect.DelegatingConstructorAccessorImpl.newInstance(DelegatingConstructorAccessorImpl.java:45)
	at java.base/java.lang.reflect.Constructor.newInstanceWithCaller(Constructor.java:499)
	at java.base/java.lang.reflect.Constructor.newInstance(Constructor.java:480)
	at org.openqa.selenium.remote.W3CHandshakeResponse.lambda$errorHandler$0(W3CHandshakeResponse.java:62)
	at org.openqa.selenium.remote.HandshakeResponse.lambda$getResponseFunction$0(HandshakeResponse.java:30)
	at org.openqa.selenium.remote.ProtocolHandshake.lambda$createSession$0(ProtocolHandshake.java:126)
	at java.base/java.util.stream.ReferencePipeline$3$1.accept(ReferencePipeline.java:197)
	at java.base/java.util.Spliterators$ArraySpliterator.tryAdvance(Spliterators.java:1002)
	at java.base/java.util.stream.ReferencePipeline.forEachWithCancel(ReferencePipeline.java:129)
	at java.base/java.util.stream.AbstractPipeline.copyIntoWithCancel(AbstractPipeline.java:527)
	at java.base/java.util.stream.AbstractPipeline.copyInto(AbstractPipeline.java:513)
	at java.base/java.util.stream.AbstractPipeline.wrapAndCopyInto(AbstractPipeline.java:499)
	at java.base/java.util.stream.FindOps$FindOp.evaluateSequential(FindOps.java:150)
	at java.base/java.util.stream.AbstractPipeline.evaluate(AbstractPipeline.java:234)
	at java.base/java.util.stream.ReferencePipeline.findFirst(ReferencePipeline.java:647)
	at org.openqa.selenium.remote.ProtocolHandshake.createSession(ProtocolHandshake.java:128)
	at org.openqa.selenium.remote.ProtocolHandshake.createSession(ProtocolHandshake.java:74)
	at org.openqa.selenium.remote.HttpCommandExecutor.execute(HttpCommandExecutor.java:136)
	at org.openqa.selenium.remote.service.DriverCommandExecutor.execute(DriverCommandExecutor.java:83)
	at org.openqa.selenium.remote.RemoteWebDriver.execute(RemoteWebDriver.java:552)
	at org.openqa.selenium.remote.RemoteWebDriver.startSession(RemoteWebDriver.java:213)
	at org.openqa.selenium.remote.RemoteWebDriver.&lt;init&gt;(RemoteWebDriver.java:131)
	at org.openqa.selenium.edge.EdgeDriver.&lt;init&gt;(EdgeDriver.java:141)
	at org.openqa.selenium.edge.EdgeDriver.&lt;init&gt;(EdgeDriver.java:96)
	at BrowserSetup.Base.OpenEgdeBrowser(Base.java:33)
	at DemoTestNG.DemoTestNG2.OpenBrowser(DemoTestNG2.java:63)
	at java.base/jdk.internal.reflect.NativeMethodAccessorImpl.invoke0(Native Method)
	at java.base/jdk.internal.reflect.NativeMethodAccessorImpl.invoke(NativeMethodAccessorImpl.java:77)
	at java.base/jdk.internal.reflect.DelegatingMethodAccessorImpl.invoke(DelegatingMethodAccessorImpl.java:43)
	at java.base/java.lang.reflect.Method.invoke(Method.java:568)
	at org.testng.internal.MethodInvocationHelper.invokeMethod(MethodInvocationHelper.java:133)
	at org.testng.internal.MethodInvocationHelper.invokeMethodConsideringTimeout(MethodInvocationHelper.java:62)
	at org.testng.internal.ConfigInvoker.invokeConfigurationMethod(ConfigInvoker.java:385)
	at org.testng.internal.ConfigInvoker.invokeConfigurations(ConfigInvoker.java:321)
	at org.testng.TestRunner.invokeTestConfigurations(TestRunner.java:637)
	at org.testng.TestRunner.beforeRun(TestRunner.java:627)
	at org.testng.TestRunner.run(TestRunner.java:589)
	at org.testng.SuiteRunner.runTest(SuiteRunner.java:377)
	at org.testng.SuiteRunner.access$000(SuiteRunner.java:28)
	at org.testng.SuiteRunner$SuiteWorker.run(SuiteRunner.java:418)
	at org.testng.internal.thread.ThreadUtil.lambda$execute$0(ThreadUtil.java:64)
	at java.base/java.util.concurrent.FutureTask.run(FutureTask.java:264)
	at java.base/java.util.concurrent.ThreadPoolExecutor.runWorker(ThreadPoolExecutor.java:1136)
	at java.base/java.util.concurrent.ThreadPoolExecutor$Worker.run(ThreadPoolExecutor.java:635)
	at java.base/java.lang.Thread.run(Thread.java:833)
</pre></div></td>
<td>0</td>
<td>DemoTestNG.DemoTestNG2@4135c3b</td></tr>
<tr>
<td title='DemoTestNG.LoginTestNG.VerifyLoginTextprsentinPage()'><b>VerifyLoginTextprsentinPage</b><br>Test class: DemoTestNG.LoginTestNG</td>
<td><div><pre>org.openqa.selenium.SessionNotCreatedException: session not created: This version of Microsoft Edge WebDriver only supports Microsoft Edge version 110
Current browser version is 113.0.1774.35 with binary path C:\Program Files (x86)\Microsoft\Edge\Application\msedge.exe
Build info: version: &apos;3.141.59&apos;, revision: &apos;e82be7d358&apos;, time: &apos;2018-11-14T08:17:03&apos;
System info: host: &apos;ACER&apos;, ip: &apos;192.168.139.83&apos;, os.name: &apos;Windows 11&apos;, os.arch: &apos;amd64&apos;, os.version: &apos;10.0&apos;, java.version: &apos;17.0.5&apos;
Driver info: driver.version: EdgeDriver
remote stacktrace: Backtrace:
	Microsoft::Applications::Events::EventProperties::SetProperty [0x00007FF7F6D448E2+14722]
	Microsoft::Applications::Events::EventProperty::EventProperty [0x00007FF7F6CDB972+817410]
	(No symbol) [0x00007FF7F696DB50]
	(No symbol) [0x00007FF7F699E691]
	(No symbol) [0x00007FF7F699943D]
	(No symbol) [0x00007FF7F69946B6]
	(No symbol) [0x00007FF7F69D868F]
	(No symbol) [0x00007FF7F69D0343]
	(No symbol) [0x00007FF7F69A1FFC]
	(No symbol) [0x00007FF7F69A0F7E]
	(No symbol) [0x00007FF7F69A27EE]
	Microsoft::Applications::Events::EventProperties::SetProperty [0x00007FF7F6BBF580+181072]
	(No symbol) [0x00007FF7F6A707F7]
	Microsoft::Applications::Events::EventProperty::EventProperty [0x00007FF7F6C20252+49634]
	Microsoft::Applications::Events::EventProperty::EventProperty [0x00007FF7F6C23455+62437]
	Microsoft::Applications::Events::ILogManager::DispatchEventBroadcast [0x00007FF7F6F32018+1407928]
	Microsoft::Applications::Events::EventProperty::EventProperty [0x00007FF7F6CE3E7F+851471]
	Microsoft::Applications::Events::EventProperty::EventProperty [0x00007FF7F6CE8EE4+872052]
	Microsoft::Applications::Events::EventProperty::EventProperty [0x00007FF7F6CE903C+872396]
	Microsoft::Applications::Events::EventProperty::EventProperty [0x00007FF7F6CF134B+905947]
	BaseThreadInitThunk [0x00007FFEDDBA54E0+16]
	RtlUserThreadStart [0x00007FFEDF76485B+43]

	at org.openqa.selenium.remote.W3CHandshakeResponse.lambda$errorHandler$0(W3CHandshakeResponse.java:62)
	at org.openqa.selenium.remote.HandshakeResponse.lambda$getResponseFunction$0(HandshakeResponse.java:30)
	at org.openqa.selenium.remote.ProtocolHandshake.lambda$createSession$0(ProtocolHandshake.java:126)
	at java.base/java.util.stream.ReferencePipeline$3$1.accept(ReferencePipeline.java:197)
	at java.base/java.util.Spliterators$ArraySpliterator.tryAdvance(Spliterators.java:1002)
	at java.base/java.util.stream.ReferencePipeline.forEachWithCancel(ReferencePipeline.java:129)
	at java.base/java.util.stream.AbstractPipeline.copyIntoWithCancel(AbstractPipeline.java:527)
	at java.base/java.util.stream.AbstractPipeline.copyInto(AbstractPipeline.java:513)
	at java.base/java.util.stream.AbstractPipeline.wrapAndCopyInto(AbstractPipeline.java:499)
	at java.base/java.util.stream.FindOps$FindOp.evaluateSequential(FindOps.java:150)
	at java.base/java.util.stream.AbstractPipeline.evaluate(AbstractPipeline.java:234)
	at java.base/java.util.stream.ReferencePipeline.findFirst(ReferencePipeline.java:647)
	at org.openqa.selenium.remote.ProtocolHandshake.createSession(ProtocolHandshake.java:128)
	at org.openqa.selenium.remote.ProtocolHandshake.createSession(ProtocolHandshake.java:74)
	at org.openqa.selenium.remote.HttpCommandExecutor.execute(HttpCommandExecutor.java:136)
	at org.openqa.selenium.remote.service.DriverCommandExecutor.execute(DriverCommandExecutor.java:83)
	at org.openqa.selenium.remote.RemoteWebDriver.execute(RemoteWebDriver.java:552)
	at org.openqa.selenium.remote.RemoteWebDriver.startSession(RemoteWebDriver.java:213)
	at org.openqa.selenium.remote.RemoteWebDriver.&lt;init&gt;(RemoteWebDriver.java:131)
	at org.openqa.selenium.edge.EdgeDriver.&lt;init&gt;(EdgeDriver.java:141)
	at org.openqa.selenium.edge.EdgeDriver.&lt;init&gt;(EdgeDriver.java:96)
	at BrowserSetup.Base.OpenEgdeBrowser(Base.java:33)
	at DemoTestNG.DemoTestNG2.OpenBrowser(DemoTestNG2.java:63)
	at java.base/java.util.concurrent.FutureTask.run(FutureTask.java:264)
	at java.base/java.util.concurrent.ThreadPoolExecutor.runWorker(ThreadPoolExecutor.java:1136)
	at java.base/java.util.concurrent.ThreadPoolExecutor$Worker.run(ThreadPoolExecutor.java:635)
	at java.base/java.lang.Thread.run(Thread.java:833)
... Removed 20 stack frames</pre></div><a href='#' onClick='toggleBox("stack-trace1499816876", this, "Click to show all stack frames", "Click to hide stack frames")'>Click to show all stack frames</a>
<div class='stack-trace' id='stack-trace1499816876'><pre>org.openqa.selenium.SessionNotCreatedException: session not created: This version of Microsoft Edge WebDriver only supports Microsoft Edge version 110
Current browser version is 113.0.1774.35 with binary path C:\Program Files (x86)\Microsoft\Edge\Application\msedge.exe
Build info: version: &apos;3.141.59&apos;, revision: &apos;e82be7d358&apos;, time: &apos;2018-11-14T08:17:03&apos;
System info: host: &apos;ACER&apos;, ip: &apos;192.168.139.83&apos;, os.name: &apos;Windows 11&apos;, os.arch: &apos;amd64&apos;, os.version: &apos;10.0&apos;, java.version: &apos;17.0.5&apos;
Driver info: driver.version: EdgeDriver
remote stacktrace: Backtrace:
	Microsoft::Applications::Events::EventProperties::SetProperty [0x00007FF7F6D448E2+14722]
	Microsoft::Applications::Events::EventProperty::EventProperty [0x00007FF7F6CDB972+817410]
	(No symbol) [0x00007FF7F696DB50]
	(No symbol) [0x00007FF7F699E691]
	(No symbol) [0x00007FF7F699943D]
	(No symbol) [0x00007FF7F69946B6]
	(No symbol) [0x00007FF7F69D868F]
	(No symbol) [0x00007FF7F69D0343]
	(No symbol) [0x00007FF7F69A1FFC]
	(No symbol) [0x00007FF7F69A0F7E]
	(No symbol) [0x00007FF7F69A27EE]
	Microsoft::Applications::Events::EventProperties::SetProperty [0x00007FF7F6BBF580+181072]
	(No symbol) [0x00007FF7F6A707F7]
	Microsoft::Applications::Events::EventProperty::EventProperty [0x00007FF7F6C20252+49634]
	Microsoft::Applications::Events::EventProperty::EventProperty [0x00007FF7F6C23455+62437]
	Microsoft::Applications::Events::ILogManager::DispatchEventBroadcast [0x00007FF7F6F32018+1407928]
	Microsoft::Applications::Events::EventProperty::EventProperty [0x00007FF7F6CE3E7F+851471]
	Microsoft::Applications::Events::EventProperty::EventProperty [0x00007FF7F6CE8EE4+872052]
	Microsoft::Applications::Events::EventProperty::EventProperty [0x00007FF7F6CE903C+872396]
	Microsoft::Applications::Events::EventProperty::EventProperty [0x00007FF7F6CF134B+905947]
	BaseThreadInitThunk [0x00007FFEDDBA54E0+16]
	RtlUserThreadStart [0x00007FFEDF76485B+43]

	at java.base/jdk.internal.reflect.NativeConstructorAccessorImpl.newInstance0(Native Method)
	at java.base/jdk.internal.reflect.NativeConstructorAccessorImpl.newInstance(NativeConstructorAccessorImpl.java:77)
	at java.base/jdk.internal.reflect.DelegatingConstructorAccessorImpl.newInstance(DelegatingConstructorAccessorImpl.java:45)
	at java.base/java.lang.reflect.Constructor.newInstanceWithCaller(Constructor.java:499)
	at java.base/java.lang.reflect.Constructor.newInstance(Constructor.java:480)
	at org.openqa.selenium.remote.W3CHandshakeResponse.lambda$errorHandler$0(W3CHandshakeResponse.java:62)
	at org.openqa.selenium.remote.HandshakeResponse.lambda$getResponseFunction$0(HandshakeResponse.java:30)
	at org.openqa.selenium.remote.ProtocolHandshake.lambda$createSession$0(ProtocolHandshake.java:126)
	at java.base/java.util.stream.ReferencePipeline$3$1.accept(ReferencePipeline.java:197)
	at java.base/java.util.Spliterators$ArraySpliterator.tryAdvance(Spliterators.java:1002)
	at java.base/java.util.stream.ReferencePipeline.forEachWithCancel(ReferencePipeline.java:129)
	at java.base/java.util.stream.AbstractPipeline.copyIntoWithCancel(AbstractPipeline.java:527)
	at java.base/java.util.stream.AbstractPipeline.copyInto(AbstractPipeline.java:513)
	at java.base/java.util.stream.AbstractPipeline.wrapAndCopyInto(AbstractPipeline.java:499)
	at java.base/java.util.stream.FindOps$FindOp.evaluateSequential(FindOps.java:150)
	at java.base/java.util.stream.AbstractPipeline.evaluate(AbstractPipeline.java:234)
	at java.base/java.util.stream.ReferencePipeline.findFirst(ReferencePipeline.java:647)
	at org.openqa.selenium.remote.ProtocolHandshake.createSession(ProtocolHandshake.java:128)
	at org.openqa.selenium.remote.ProtocolHandshake.createSession(ProtocolHandshake.java:74)
	at org.openqa.selenium.remote.HttpCommandExecutor.execute(HttpCommandExecutor.java:136)
	at org.openqa.selenium.remote.service.DriverCommandExecutor.execute(DriverCommandExecutor.java:83)
	at org.openqa.selenium.remote.RemoteWebDriver.execute(RemoteWebDriver.java:552)
	at org.openqa.selenium.remote.RemoteWebDriver.startSession(RemoteWebDriver.java:213)
	at org.openqa.selenium.remote.RemoteWebDriver.&lt;init&gt;(RemoteWebDriver.java:131)
	at org.openqa.selenium.edge.EdgeDriver.&lt;init&gt;(EdgeDriver.java:141)
	at org.openqa.selenium.edge.EdgeDriver.&lt;init&gt;(EdgeDriver.java:96)
	at BrowserSetup.Base.OpenEgdeBrowser(Base.java:33)
	at DemoTestNG.DemoTestNG2.OpenBrowser(DemoTestNG2.java:63)
	at java.base/jdk.internal.reflect.NativeMethodAccessorImpl.invoke0(Native Method)
	at java.base/jdk.internal.reflect.NativeMethodAccessorImpl.invoke(NativeMethodAccessorImpl.java:77)
	at java.base/jdk.internal.reflect.DelegatingMethodAccessorImpl.invoke(DelegatingMethodAccessorImpl.java:43)
	at java.base/java.lang.reflect.Method.invoke(Method.java:568)
	at org.testng.internal.MethodInvocationHelper.invokeMethod(MethodInvocationHelper.java:133)
	at org.testng.internal.MethodInvocationHelper.invokeMethodConsideringTimeout(MethodInvocationHelper.java:62)
	at org.testng.internal.ConfigInvoker.invokeConfigurationMethod(ConfigInvoker.java:385)
	at org.testng.internal.ConfigInvoker.invokeConfigurations(ConfigInvoker.java:321)
	at org.testng.TestRunner.invokeTestConfigurations(TestRunner.java:637)
	at org.testng.TestRunner.beforeRun(TestRunner.java:627)
	at org.testng.TestRunner.run(TestRunner.java:589)
	at org.testng.SuiteRunner.runTest(SuiteRunner.java:377)
	at org.testng.SuiteRunner.access$000(SuiteRunner.java:28)
	at org.testng.SuiteRunner$SuiteWorker.run(SuiteRunner.java:418)
	at org.testng.internal.thread.ThreadUtil.lambda$execute$0(ThreadUtil.java:64)
	at java.base/java.util.concurrent.FutureTask.run(FutureTask.java:264)
	at java.base/java.util.concurrent.ThreadPoolExecutor.runWorker(ThreadPoolExecutor.java:1136)
	at java.base/java.util.concurrent.ThreadPoolExecutor$Worker.run(ThreadPoolExecutor.java:635)
	at java.base/java.lang.Thread.run(Thread.java:833)
</pre></div></td>
<td>0</td>
<td>DemoTestNG.LoginTestNG@6302bbb1</td></tr>
<tr>
<td title='DemoTestNG.LoginTestNG.VerifyLoginFunctionality()'><b>VerifyLoginFunctionality</b><br>Test class: DemoTestNG.LoginTestNG</td>
<td><div><pre>org.openqa.selenium.SessionNotCreatedException: session not created: This version of Microsoft Edge WebDriver only supports Microsoft Edge version 110
Current browser version is 113.0.1774.35 with binary path C:\Program Files (x86)\Microsoft\Edge\Application\msedge.exe
Build info: version: &apos;3.141.59&apos;, revision: &apos;e82be7d358&apos;, time: &apos;2018-11-14T08:17:03&apos;
System info: host: &apos;ACER&apos;, ip: &apos;192.168.139.83&apos;, os.name: &apos;Windows 11&apos;, os.arch: &apos;amd64&apos;, os.version: &apos;10.0&apos;, java.version: &apos;17.0.5&apos;
Driver info: driver.version: EdgeDriver
remote stacktrace: Backtrace:
	Microsoft::Applications::Events::EventProperties::SetProperty [0x00007FF7F6D448E2+14722]
	Microsoft::Applications::Events::EventProperty::EventProperty [0x00007FF7F6CDB972+817410]
	(No symbol) [0x00007FF7F696DB50]
	(No symbol) [0x00007FF7F699E691]
	(No symbol) [0x00007FF7F699943D]
	(No symbol) [0x00007FF7F69946B6]
	(No symbol) [0x00007FF7F69D868F]
	(No symbol) [0x00007FF7F69D0343]
	(No symbol) [0x00007FF7F69A1FFC]
	(No symbol) [0x00007FF7F69A0F7E]
	(No symbol) [0x00007FF7F69A27EE]
	Microsoft::Applications::Events::EventProperties::SetProperty [0x00007FF7F6BBF580+181072]
	(No symbol) [0x00007FF7F6A707F7]
	Microsoft::Applications::Events::EventProperty::EventProperty [0x00007FF7F6C20252+49634]
	Microsoft::Applications::Events::EventProperty::EventProperty [0x00007FF7F6C23455+62437]
	Microsoft::Applications::Events::ILogManager::DispatchEventBroadcast [0x00007FF7F6F32018+1407928]
	Microsoft::Applications::Events::EventProperty::EventProperty [0x00007FF7F6CE3E7F+851471]
	Microsoft::Applications::Events::EventProperty::EventProperty [0x00007FF7F6CE8EE4+872052]
	Microsoft::Applications::Events::EventProperty::EventProperty [0x00007FF7F6CE903C+872396]
	Microsoft::Applications::Events::EventProperty::EventProperty [0x00007FF7F6CF134B+905947]
	BaseThreadInitThunk [0x00007FFEDDBA54E0+16]
	RtlUserThreadStart [0x00007FFEDF76485B+43]

	at org.openqa.selenium.remote.W3CHandshakeResponse.lambda$errorHandler$0(W3CHandshakeResponse.java:62)
	at org.openqa.selenium.remote.HandshakeResponse.lambda$getResponseFunction$0(HandshakeResponse.java:30)
	at org.openqa.selenium.remote.ProtocolHandshake.lambda$createSession$0(ProtocolHandshake.java:126)
	at java.base/java.util.stream.ReferencePipeline$3$1.accept(ReferencePipeline.java:197)
	at java.base/java.util.Spliterators$ArraySpliterator.tryAdvance(Spliterators.java:1002)
	at java.base/java.util.stream.ReferencePipeline.forEachWithCancel(ReferencePipeline.java:129)
	at java.base/java.util.stream.AbstractPipeline.copyIntoWithCancel(AbstractPipeline.java:527)
	at java.base/java.util.stream.AbstractPipeline.copyInto(AbstractPipeline.java:513)
	at java.base/java.util.stream.AbstractPipeline.wrapAndCopyInto(AbstractPipeline.java:499)
	at java.base/java.util.stream.FindOps$FindOp.evaluateSequential(FindOps.java:150)
	at java.base/java.util.stream.AbstractPipeline.evaluate(AbstractPipeline.java:234)
	at java.base/java.util.stream.ReferencePipeline.findFirst(ReferencePipeline.java:647)
	at org.openqa.selenium.remote.ProtocolHandshake.createSession(ProtocolHandshake.java:128)
	at org.openqa.selenium.remote.ProtocolHandshake.createSession(ProtocolHandshake.java:74)
	at org.openqa.selenium.remote.HttpCommandExecutor.execute(HttpCommandExecutor.java:136)
	at org.openqa.selenium.remote.service.DriverCommandExecutor.execute(DriverCommandExecutor.java:83)
	at org.openqa.selenium.remote.RemoteWebDriver.execute(RemoteWebDriver.java:552)
	at org.openqa.selenium.remote.RemoteWebDriver.startSession(RemoteWebDriver.java:213)
	at org.openqa.selenium.remote.RemoteWebDriver.&lt;init&gt;(RemoteWebDriver.java:131)
	at org.openqa.selenium.edge.EdgeDriver.&lt;init&gt;(EdgeDriver.java:141)
	at org.openqa.selenium.edge.EdgeDriver.&lt;init&gt;(EdgeDriver.java:96)
	at BrowserSetup.Base.OpenEgdeBrowser(Base.java:33)
	at DemoTestNG.DemoTestNG2.OpenBrowser(DemoTestNG2.java:63)
	at java.base/java.util.concurrent.FutureTask.run(FutureTask.java:264)
	at java.base/java.util.concurrent.ThreadPoolExecutor.runWorker(ThreadPoolExecutor.java:1136)
	at java.base/java.util.concurrent.ThreadPoolExecutor$Worker.run(ThreadPoolExecutor.java:635)
	at java.base/java.lang.Thread.run(Thread.java:833)
... Removed 20 stack frames</pre></div><a href='#' onClick='toggleBox("stack-trace799125547", this, "Click to show all stack frames", "Click to hide stack frames")'>Click to show all stack frames</a>
<div class='stack-trace' id='stack-trace799125547'><pre>org.openqa.selenium.SessionNotCreatedException: session not created: This version of Microsoft Edge WebDriver only supports Microsoft Edge version 110
Current browser version is 113.0.1774.35 with binary path C:\Program Files (x86)\Microsoft\Edge\Application\msedge.exe
Build info: version: &apos;3.141.59&apos;, revision: &apos;e82be7d358&apos;, time: &apos;2018-11-14T08:17:03&apos;
System info: host: &apos;ACER&apos;, ip: &apos;192.168.139.83&apos;, os.name: &apos;Windows 11&apos;, os.arch: &apos;amd64&apos;, os.version: &apos;10.0&apos;, java.version: &apos;17.0.5&apos;
Driver info: driver.version: EdgeDriver
remote stacktrace: Backtrace:
	Microsoft::Applications::Events::EventProperties::SetProperty [0x00007FF7F6D448E2+14722]
	Microsoft::Applications::Events::EventProperty::EventProperty [0x00007FF7F6CDB972+817410]
	(No symbol) [0x00007FF7F696DB50]
	(No symbol) [0x00007FF7F699E691]
	(No symbol) [0x00007FF7F699943D]
	(No symbol) [0x00007FF7F69946B6]
	(No symbol) [0x00007FF7F69D868F]
	(No symbol) [0x00007FF7F69D0343]
	(No symbol) [0x00007FF7F69A1FFC]
	(No symbol) [0x00007FF7F69A0F7E]
	(No symbol) [0x00007FF7F69A27EE]
	Microsoft::Applications::Events::EventProperties::SetProperty [0x00007FF7F6BBF580+181072]
	(No symbol) [0x00007FF7F6A707F7]
	Microsoft::Applications::Events::EventProperty::EventProperty [0x00007FF7F6C20252+49634]
	Microsoft::Applications::Events::EventProperty::EventProperty [0x00007FF7F6C23455+62437]
	Microsoft::Applications::Events::ILogManager::DispatchEventBroadcast [0x00007FF7F6F32018+1407928]
	Microsoft::Applications::Events::EventProperty::EventProperty [0x00007FF7F6CE3E7F+851471]
	Microsoft::Applications::Events::EventProperty::EventProperty [0x00007FF7F6CE8EE4+872052]
	Microsoft::Applications::Events::EventProperty::EventProperty [0x00007FF7F6CE903C+872396]
	Microsoft::Applications::Events::EventProperty::EventProperty [0x00007FF7F6CF134B+905947]
	BaseThreadInitThunk [0x00007FFEDDBA54E0+16]
	RtlUserThreadStart [0x00007FFEDF76485B+43]

	at java.base/jdk.internal.reflect.NativeConstructorAccessorImpl.newInstance0(Native Method)
	at java.base/jdk.internal.reflect.NativeConstructorAccessorImpl.newInstance(NativeConstructorAccessorImpl.java:77)
	at java.base/jdk.internal.reflect.DelegatingConstructorAccessorImpl.newInstance(DelegatingConstructorAccessorImpl.java:45)
	at java.base/java.lang.reflect.Constructor.newInstanceWithCaller(Constructor.java:499)
	at java.base/java.lang.reflect.Constructor.newInstance(Constructor.java:480)
	at org.openqa.selenium.remote.W3CHandshakeResponse.lambda$errorHandler$0(W3CHandshakeResponse.java:62)
	at org.openqa.selenium.remote.HandshakeResponse.lambda$getResponseFunction$0(HandshakeResponse.java:30)
	at org.openqa.selenium.remote.ProtocolHandshake.lambda$createSession$0(ProtocolHandshake.java:126)
	at java.base/java.util.stream.ReferencePipeline$3$1.accept(ReferencePipeline.java:197)
	at java.base/java.util.Spliterators$ArraySpliterator.tryAdvance(Spliterators.java:1002)
	at java.base/java.util.stream.ReferencePipeline.forEachWithCancel(ReferencePipeline.java:129)
	at java.base/java.util.stream.AbstractPipeline.copyIntoWithCancel(AbstractPipeline.java:527)
	at java.base/java.util.stream.AbstractPipeline.copyInto(AbstractPipeline.java:513)
	at java.base/java.util.stream.AbstractPipeline.wrapAndCopyInto(AbstractPipeline.java:499)
	at java.base/java.util.stream.FindOps$FindOp.evaluateSequential(FindOps.java:150)
	at java.base/java.util.stream.AbstractPipeline.evaluate(AbstractPipeline.java:234)
	at java.base/java.util.stream.ReferencePipeline.findFirst(ReferencePipeline.java:647)
	at org.openqa.selenium.remote.ProtocolHandshake.createSession(ProtocolHandshake.java:128)
	at org.openqa.selenium.remote.ProtocolHandshake.createSession(ProtocolHandshake.java:74)
	at org.openqa.selenium.remote.HttpCommandExecutor.execute(HttpCommandExecutor.java:136)
	at org.openqa.selenium.remote.service.DriverCommandExecutor.execute(DriverCommandExecutor.java:83)
	at org.openqa.selenium.remote.RemoteWebDriver.execute(RemoteWebDriver.java:552)
	at org.openqa.selenium.remote.RemoteWebDriver.startSession(RemoteWebDriver.java:213)
	at org.openqa.selenium.remote.RemoteWebDriver.&lt;init&gt;(RemoteWebDriver.java:131)
	at org.openqa.selenium.edge.EdgeDriver.&lt;init&gt;(EdgeDriver.java:141)
	at org.openqa.selenium.edge.EdgeDriver.&lt;init&gt;(EdgeDriver.java:96)
	at BrowserSetup.Base.OpenEgdeBrowser(Base.java:33)
	at DemoTestNG.DemoTestNG2.OpenBrowser(DemoTestNG2.java:63)
	at java.base/jdk.internal.reflect.NativeMethodAccessorImpl.invoke0(Native Method)
	at java.base/jdk.internal.reflect.NativeMethodAccessorImpl.invoke(NativeMethodAccessorImpl.java:77)
	at java.base/jdk.internal.reflect.DelegatingMethodAccessorImpl.invoke(DelegatingMethodAccessorImpl.java:43)
	at java.base/java.lang.reflect.Method.invoke(Method.java:568)
	at org.testng.internal.MethodInvocationHelper.invokeMethod(MethodInvocationHelper.java:133)
	at org.testng.internal.MethodInvocationHelper.invokeMethodConsideringTimeout(MethodInvocationHelper.java:62)
	at org.testng.internal.ConfigInvoker.invokeConfigurationMethod(ConfigInvoker.java:385)
	at org.testng.internal.ConfigInvoker.invokeConfigurations(ConfigInvoker.java:321)
	at org.testng.TestRunner.invokeTestConfigurations(TestRunner.java:637)
	at org.testng.TestRunner.beforeRun(TestRunner.java:627)
	at org.testng.TestRunner.run(TestRunner.java:589)
	at org.testng.SuiteRunner.runTest(SuiteRunner.java:377)
	at org.testng.SuiteRunner.access$000(SuiteRunner.java:28)
	at org.testng.SuiteRunner$SuiteWorker.run(SuiteRunner.java:418)
	at org.testng.internal.thread.ThreadUtil.lambda$execute$0(ThreadUtil.java:64)
	at java.base/java.util.concurrent.FutureTask.run(FutureTask.java:264)
	at java.base/java.util.concurrent.ThreadPoolExecutor.runWorker(ThreadPoolExecutor.java:1136)
	at java.base/java.util.concurrent.ThreadPoolExecutor$Worker.run(ThreadPoolExecutor.java:635)
	at java.base/java.lang.Thread.run(Thread.java:833)
</pre></div></td>
<td>0</td>
<td>DemoTestNG.LoginTestNG@6302bbb1</td></tr>
<tr>
<td title='DemoTestNG.DemoTestNG2.VerifysignupButtononSignupPage()'><b>VerifysignupButtononSignupPage</b><br>Test class: DemoTestNG.DemoTestNG2</td>
<td><div><pre>org.openqa.selenium.SessionNotCreatedException: session not created: This version of Microsoft Edge WebDriver only supports Microsoft Edge version 110
Current browser version is 113.0.1774.35 with binary path C:\Program Files (x86)\Microsoft\Edge\Application\msedge.exe
Build info: version: &apos;3.141.59&apos;, revision: &apos;e82be7d358&apos;, time: &apos;2018-11-14T08:17:03&apos;
System info: host: &apos;ACER&apos;, ip: &apos;192.168.139.83&apos;, os.name: &apos;Windows 11&apos;, os.arch: &apos;amd64&apos;, os.version: &apos;10.0&apos;, java.version: &apos;17.0.5&apos;
Driver info: driver.version: EdgeDriver
remote stacktrace: Backtrace:
	Microsoft::Applications::Events::EventProperties::SetProperty [0x00007FF7F6D448E2+14722]
	Microsoft::Applications::Events::EventProperty::EventProperty [0x00007FF7F6CDB972+817410]
	(No symbol) [0x00007FF7F696DB50]
	(No symbol) [0x00007FF7F699E691]
	(No symbol) [0x00007FF7F699943D]
	(No symbol) [0x00007FF7F69946B6]
	(No symbol) [0x00007FF7F69D868F]
	(No symbol) [0x00007FF7F69D0343]
	(No symbol) [0x00007FF7F69A1FFC]
	(No symbol) [0x00007FF7F69A0F7E]
	(No symbol) [0x00007FF7F69A27EE]
	Microsoft::Applications::Events::EventProperties::SetProperty [0x00007FF7F6BBF580+181072]
	(No symbol) [0x00007FF7F6A707F7]
	Microsoft::Applications::Events::EventProperty::EventProperty [0x00007FF7F6C20252+49634]
	Microsoft::Applications::Events::EventProperty::EventProperty [0x00007FF7F6C23455+62437]
	Microsoft::Applications::Events::ILogManager::DispatchEventBroadcast [0x00007FF7F6F32018+1407928]
	Microsoft::Applications::Events::EventProperty::EventProperty [0x00007FF7F6CE3E7F+851471]
	Microsoft::Applications::Events::EventProperty::EventProperty [0x00007FF7F6CE8EE4+872052]
	Microsoft::Applications::Events::EventProperty::EventProperty [0x00007FF7F6CE903C+872396]
	Microsoft::Applications::Events::EventProperty::EventProperty [0x00007FF7F6CF134B+905947]
	BaseThreadInitThunk [0x00007FFEDDBA54E0+16]
	RtlUserThreadStart [0x00007FFEDF76485B+43]

	at org.openqa.selenium.remote.W3CHandshakeResponse.lambda$errorHandler$0(W3CHandshakeResponse.java:62)
	at org.openqa.selenium.remote.HandshakeResponse.lambda$getResponseFunction$0(HandshakeResponse.java:30)
	at org.openqa.selenium.remote.ProtocolHandshake.lambda$createSession$0(ProtocolHandshake.java:126)
	at java.base/java.util.stream.ReferencePipeline$3$1.accept(ReferencePipeline.java:197)
	at java.base/java.util.Spliterators$ArraySpliterator.tryAdvance(Spliterators.java:1002)
	at java.base/java.util.stream.ReferencePipeline.forEachWithCancel(ReferencePipeline.java:129)
	at java.base/java.util.stream.AbstractPipeline.copyIntoWithCancel(AbstractPipeline.java:527)
	at java.base/java.util.stream.AbstractPipeline.copyInto(AbstractPipeline.java:513)
	at java.base/java.util.stream.AbstractPipeline.wrapAndCopyInto(AbstractPipeline.java:499)
	at java.base/java.util.stream.FindOps$FindOp.evaluateSequential(FindOps.java:150)
	at java.base/java.util.stream.AbstractPipeline.evaluate(AbstractPipeline.java:234)
	at java.base/java.util.stream.ReferencePipeline.findFirst(ReferencePipeline.java:647)
	at org.openqa.selenium.remote.ProtocolHandshake.createSession(ProtocolHandshake.java:128)
	at org.openqa.selenium.remote.ProtocolHandshake.createSession(ProtocolHandshake.java:74)
	at org.openqa.selenium.remote.HttpCommandExecutor.execute(HttpCommandExecutor.java:136)
	at org.openqa.selenium.remote.service.DriverCommandExecutor.execute(DriverCommandExecutor.java:83)
	at org.openqa.selenium.remote.RemoteWebDriver.execute(RemoteWebDriver.java:552)
	at org.openqa.selenium.remote.RemoteWebDriver.startSession(RemoteWebDriver.java:213)
	at org.openqa.selenium.remote.RemoteWebDriver.&lt;init&gt;(RemoteWebDriver.java:131)
	at org.openqa.selenium.edge.EdgeDriver.&lt;init&gt;(EdgeDriver.java:141)
	at org.openqa.selenium.edge.EdgeDriver.&lt;init&gt;(EdgeDriver.java:96)
	at BrowserSetup.Base.OpenEgdeBrowser(Base.java:33)
	at DemoTestNG.DemoTestNG2.OpenBrowser(DemoTestNG2.java:63)
	at java.base/java.util.concurrent.FutureTask.run(FutureTask.java:264)
	at java.base/java.util.concurrent.ThreadPoolExecutor.runWorker(ThreadPoolExecutor.java:1136)
	at java.base/java.util.concurrent.ThreadPoolExecutor$Worker.run(ThreadPoolExecutor.java:635)
	at java.base/java.lang.Thread.run(Thread.java:833)
... Removed 20 stack frames</pre></div><a href='#' onClick='toggleBox("stack-trace2045241451", this, "Click to show all stack frames", "Click to hide stack frames")'>Click to show all stack frames</a>
<div class='stack-trace' id='stack-trace2045241451'><pre>org.openqa.selenium.SessionNotCreatedException: session not created: This version of Microsoft Edge WebDriver only supports Microsoft Edge version 110
Current browser version is 113.0.1774.35 with binary path C:\Program Files (x86)\Microsoft\Edge\Application\msedge.exe
Build info: version: &apos;3.141.59&apos;, revision: &apos;e82be7d358&apos;, time: &apos;2018-11-14T08:17:03&apos;
System info: host: &apos;ACER&apos;, ip: &apos;192.168.139.83&apos;, os.name: &apos;Windows 11&apos;, os.arch: &apos;amd64&apos;, os.version: &apos;10.0&apos;, java.version: &apos;17.0.5&apos;
Driver info: driver.version: EdgeDriver
remote stacktrace: Backtrace:
	Microsoft::Applications::Events::EventProperties::SetProperty [0x00007FF7F6D448E2+14722]
	Microsoft::Applications::Events::EventProperty::EventProperty [0x00007FF7F6CDB972+817410]
	(No symbol) [0x00007FF7F696DB50]
	(No symbol) [0x00007FF7F699E691]
	(No symbol) [0x00007FF7F699943D]
	(No symbol) [0x00007FF7F69946B6]
	(No symbol) [0x00007FF7F69D868F]
	(No symbol) [0x00007FF7F69D0343]
	(No symbol) [0x00007FF7F69A1FFC]
	(No symbol) [0x00007FF7F69A0F7E]
	(No symbol) [0x00007FF7F69A27EE]
	Microsoft::Applications::Events::EventProperties::SetProperty [0x00007FF7F6BBF580+181072]
	(No symbol) [0x00007FF7F6A707F7]
	Microsoft::Applications::Events::EventProperty::EventProperty [0x00007FF7F6C20252+49634]
	Microsoft::Applications::Events::EventProperty::EventProperty [0x00007FF7F6C23455+62437]
	Microsoft::Applications::Events::ILogManager::DispatchEventBroadcast [0x00007FF7F6F32018+1407928]
	Microsoft::Applications::Events::EventProperty::EventProperty [0x00007FF7F6CE3E7F+851471]
	Microsoft::Applications::Events::EventProperty::EventProperty [0x00007FF7F6CE8EE4+872052]
	Microsoft::Applications::Events::EventProperty::EventProperty [0x00007FF7F6CE903C+872396]
	Microsoft::Applications::Events::EventProperty::EventProperty [0x00007FF7F6CF134B+905947]
	BaseThreadInitThunk [0x00007FFEDDBA54E0+16]
	RtlUserThreadStart [0x00007FFEDF76485B+43]

	at java.base/jdk.internal.reflect.NativeConstructorAccessorImpl.newInstance0(Native Method)
	at java.base/jdk.internal.reflect.NativeConstructorAccessorImpl.newInstance(NativeConstructorAccessorImpl.java:77)
	at java.base/jdk.internal.reflect.DelegatingConstructorAccessorImpl.newInstance(DelegatingConstructorAccessorImpl.java:45)
	at java.base/java.lang.reflect.Constructor.newInstanceWithCaller(Constructor.java:499)
	at java.base/java.lang.reflect.Constructor.newInstance(Constructor.java:480)
	at org.openqa.selenium.remote.W3CHandshakeResponse.lambda$errorHandler$0(W3CHandshakeResponse.java:62)
	at org.openqa.selenium.remote.HandshakeResponse.lambda$getResponseFunction$0(HandshakeResponse.java:30)
	at org.openqa.selenium.remote.ProtocolHandshake.lambda$createSession$0(ProtocolHandshake.java:126)
	at java.base/java.util.stream.ReferencePipeline$3$1.accept(ReferencePipeline.java:197)
	at java.base/java.util.Spliterators$ArraySpliterator.tryAdvance(Spliterators.java:1002)
	at java.base/java.util.stream.ReferencePipeline.forEachWithCancel(ReferencePipeline.java:129)
	at java.base/java.util.stream.AbstractPipeline.copyIntoWithCancel(AbstractPipeline.java:527)
	at java.base/java.util.stream.AbstractPipeline.copyInto(AbstractPipeline.java:513)
	at java.base/java.util.stream.AbstractPipeline.wrapAndCopyInto(AbstractPipeline.java:499)
	at java.base/java.util.stream.FindOps$FindOp.evaluateSequential(FindOps.java:150)
	at java.base/java.util.stream.AbstractPipeline.evaluate(AbstractPipeline.java:234)
	at java.base/java.util.stream.ReferencePipeline.findFirst(ReferencePipeline.java:647)
	at org.openqa.selenium.remote.ProtocolHandshake.createSession(ProtocolHandshake.java:128)
	at org.openqa.selenium.remote.ProtocolHandshake.createSession(ProtocolHandshake.java:74)
	at org.openqa.selenium.remote.HttpCommandExecutor.execute(HttpCommandExecutor.java:136)
	at org.openqa.selenium.remote.service.DriverCommandExecutor.execute(DriverCommandExecutor.java:83)
	at org.openqa.selenium.remote.RemoteWebDriver.execute(RemoteWebDriver.java:552)
	at org.openqa.selenium.remote.RemoteWebDriver.startSession(RemoteWebDriver.java:213)
	at org.openqa.selenium.remote.RemoteWebDriver.&lt;init&gt;(RemoteWebDriver.java:131)
	at org.openqa.selenium.edge.EdgeDriver.&lt;init&gt;(EdgeDriver.java:141)
	at org.openqa.selenium.edge.EdgeDriver.&lt;init&gt;(EdgeDriver.java:96)
	at BrowserSetup.Base.OpenEgdeBrowser(Base.java:33)
	at DemoTestNG.DemoTestNG2.OpenBrowser(DemoTestNG2.java:63)
	at java.base/jdk.internal.reflect.NativeMethodAccessorImpl.invoke0(Native Method)
	at java.base/jdk.internal.reflect.NativeMethodAccessorImpl.invoke(NativeMethodAccessorImpl.java:77)
	at java.base/jdk.internal.reflect.DelegatingMethodAccessorImpl.invoke(DelegatingMethodAccessorImpl.java:43)
	at java.base/java.lang.reflect.Method.invoke(Method.java:568)
	at org.testng.internal.MethodInvocationHelper.invokeMethod(MethodInvocationHelper.java:133)
	at org.testng.internal.MethodInvocationHelper.invokeMethodConsideringTimeout(MethodInvocationHelper.java:62)
	at org.testng.internal.ConfigInvoker.invokeConfigurationMethod(ConfigInvoker.java:385)
	at org.testng.internal.ConfigInvoker.invokeConfigurations(ConfigInvoker.java:321)
	at org.testng.TestRunner.invokeTestConfigurations(TestRunner.java:637)
	at org.testng.TestRunner.beforeRun(TestRunner.java:627)
	at org.testng.TestRunner.run(TestRunner.java:589)
	at org.testng.SuiteRunner.runTest(SuiteRunner.java:377)
	at org.testng.SuiteRunner.access$000(SuiteRunner.java:28)
	at org.testng.SuiteRunner$SuiteWorker.run(SuiteRunner.java:418)
	at org.testng.internal.thread.ThreadUtil.lambda$execute$0(ThreadUtil.java:64)
	at java.base/java.util.concurrent.FutureTask.run(FutureTask.java:264)
	at java.base/java.util.concurrent.ThreadPoolExecutor.runWorker(ThreadPoolExecutor.java:1136)
	at java.base/java.util.concurrent.ThreadPoolExecutor$Worker.run(ThreadPoolExecutor.java:635)
	at java.base/java.lang.Thread.run(Thread.java:833)
</pre></div></td>
<td>0</td>
<td>DemoTestNG.DemoTestNG2@4135c3b</td></tr>
<tr>
<td title='DemoTestNG.DemoTestNG2.VerifyMessageonSignUpPageisSignup()'><b>VerifyMessageonSignUpPageisSignup</b><br>Test class: DemoTestNG.DemoTestNG2</td>
<td><div><pre>org.openqa.selenium.SessionNotCreatedException: session not created: This version of Microsoft Edge WebDriver only supports Microsoft Edge version 110
Current browser version is 113.0.1774.35 with binary path C:\Program Files (x86)\Microsoft\Edge\Application\msedge.exe
Build info: version: &apos;3.141.59&apos;, revision: &apos;e82be7d358&apos;, time: &apos;2018-11-14T08:17:03&apos;
System info: host: &apos;ACER&apos;, ip: &apos;192.168.139.83&apos;, os.name: &apos;Windows 11&apos;, os.arch: &apos;amd64&apos;, os.version: &apos;10.0&apos;, java.version: &apos;17.0.5&apos;
Driver info: driver.version: EdgeDriver
remote stacktrace: Backtrace:
	Microsoft::Applications::Events::EventProperties::SetProperty [0x00007FF7F6D448E2+14722]
	Microsoft::Applications::Events::EventProperty::EventProperty [0x00007FF7F6CDB972+817410]
	(No symbol) [0x00007FF7F696DB50]
	(No symbol) [0x00007FF7F699E691]
	(No symbol) [0x00007FF7F699943D]
	(No symbol) [0x00007FF7F69946B6]
	(No symbol) [0x00007FF7F69D868F]
	(No symbol) [0x00007FF7F69D0343]
	(No symbol) [0x00007FF7F69A1FFC]
	(No symbol) [0x00007FF7F69A0F7E]
	(No symbol) [0x00007FF7F69A27EE]
	Microsoft::Applications::Events::EventProperties::SetProperty [0x00007FF7F6BBF580+181072]
	(No symbol) [0x00007FF7F6A707F7]
	Microsoft::Applications::Events::EventProperty::EventProperty [0x00007FF7F6C20252+49634]
	Microsoft::Applications::Events::EventProperty::EventProperty [0x00007FF7F6C23455+62437]
	Microsoft::Applications::Events::ILogManager::DispatchEventBroadcast [0x00007FF7F6F32018+1407928]
	Microsoft::Applications::Events::EventProperty::EventProperty [0x00007FF7F6CE3E7F+851471]
	Microsoft::Applications::Events::EventProperty::EventProperty [0x00007FF7F6CE8EE4+872052]
	Microsoft::Applications::Events::EventProperty::EventProperty [0x00007FF7F6CE903C+872396]
	Microsoft::Applications::Events::EventProperty::EventProperty [0x00007FF7F6CF134B+905947]
	BaseThreadInitThunk [0x00007FFEDDBA54E0+16]
	RtlUserThreadStart [0x00007FFEDF76485B+43]

	at org.openqa.selenium.remote.W3CHandshakeResponse.lambda$errorHandler$0(W3CHandshakeResponse.java:62)
	at org.openqa.selenium.remote.HandshakeResponse.lambda$getResponseFunction$0(HandshakeResponse.java:30)
	at org.openqa.selenium.remote.ProtocolHandshake.lambda$createSession$0(ProtocolHandshake.java:126)
	at java.base/java.util.stream.ReferencePipeline$3$1.accept(ReferencePipeline.java:197)
	at java.base/java.util.Spliterators$ArraySpliterator.tryAdvance(Spliterators.java:1002)
	at java.base/java.util.stream.ReferencePipeline.forEachWithCancel(ReferencePipeline.java:129)
	at java.base/java.util.stream.AbstractPipeline.copyIntoWithCancel(AbstractPipeline.java:527)
	at java.base/java.util.stream.AbstractPipeline.copyInto(AbstractPipeline.java:513)
	at java.base/java.util.stream.AbstractPipeline.wrapAndCopyInto(AbstractPipeline.java:499)
	at java.base/java.util.stream.FindOps$FindOp.evaluateSequential(FindOps.java:150)
	at java.base/java.util.stream.AbstractPipeline.evaluate(AbstractPipeline.java:234)
	at java.base/java.util.stream.ReferencePipeline.findFirst(ReferencePipeline.java:647)
	at org.openqa.selenium.remote.ProtocolHandshake.createSession(ProtocolHandshake.java:128)
	at org.openqa.selenium.remote.ProtocolHandshake.createSession(ProtocolHandshake.java:74)
	at org.openqa.selenium.remote.HttpCommandExecutor.execute(HttpCommandExecutor.java:136)
	at org.openqa.selenium.remote.service.DriverCommandExecutor.execute(DriverCommandExecutor.java:83)
	at org.openqa.selenium.remote.RemoteWebDriver.execute(RemoteWebDriver.java:552)
	at org.openqa.selenium.remote.RemoteWebDriver.startSession(RemoteWebDriver.java:213)
	at org.openqa.selenium.remote.RemoteWebDriver.&lt;init&gt;(RemoteWebDriver.java:131)
	at org.openqa.selenium.edge.EdgeDriver.&lt;init&gt;(EdgeDriver.java:141)
	at org.openqa.selenium.edge.EdgeDriver.&lt;init&gt;(EdgeDriver.java:96)
	at BrowserSetup.Base.OpenEgdeBrowser(Base.java:33)
	at DemoTestNG.DemoTestNG2.OpenBrowser(DemoTestNG2.java:63)
	at java.base/java.util.concurrent.FutureTask.run(FutureTask.java:264)
	at java.base/java.util.concurrent.ThreadPoolExecutor.runWorker(ThreadPoolExecutor.java:1136)
	at java.base/java.util.concurrent.ThreadPoolExecutor$Worker.run(ThreadPoolExecutor.java:635)
	at java.base/java.lang.Thread.run(Thread.java:833)
... Removed 20 stack frames</pre></div><a href='#' onClick='toggleBox("stack-trace82622513", this, "Click to show all stack frames", "Click to hide stack frames")'>Click to show all stack frames</a>
<div class='stack-trace' id='stack-trace82622513'><pre>org.openqa.selenium.SessionNotCreatedException: session not created: This version of Microsoft Edge WebDriver only supports Microsoft Edge version 110
Current browser version is 113.0.1774.35 with binary path C:\Program Files (x86)\Microsoft\Edge\Application\msedge.exe
Build info: version: &apos;3.141.59&apos;, revision: &apos;e82be7d358&apos;, time: &apos;2018-11-14T08:17:03&apos;
System info: host: &apos;ACER&apos;, ip: &apos;192.168.139.83&apos;, os.name: &apos;Windows 11&apos;, os.arch: &apos;amd64&apos;, os.version: &apos;10.0&apos;, java.version: &apos;17.0.5&apos;
Driver info: driver.version: EdgeDriver
remote stacktrace: Backtrace:
	Microsoft::Applications::Events::EventProperties::SetProperty [0x00007FF7F6D448E2+14722]
	Microsoft::Applications::Events::EventProperty::EventProperty [0x00007FF7F6CDB972+817410]
	(No symbol) [0x00007FF7F696DB50]
	(No symbol) [0x00007FF7F699E691]
	(No symbol) [0x00007FF7F699943D]
	(No symbol) [0x00007FF7F69946B6]
	(No symbol) [0x00007FF7F69D868F]
	(No symbol) [0x00007FF7F69D0343]
	(No symbol) [0x00007FF7F69A1FFC]
	(No symbol) [0x00007FF7F69A0F7E]
	(No symbol) [0x00007FF7F69A27EE]
	Microsoft::Applications::Events::EventProperties::SetProperty [0x00007FF7F6BBF580+181072]
	(No symbol) [0x00007FF7F6A707F7]
	Microsoft::Applications::Events::EventProperty::EventProperty [0x00007FF7F6C20252+49634]
	Microsoft::Applications::Events::EventProperty::EventProperty [0x00007FF7F6C23455+62437]
	Microsoft::Applications::Events::ILogManager::DispatchEventBroadcast [0x00007FF7F6F32018+1407928]
	Microsoft::Applications::Events::EventProperty::EventProperty [0x00007FF7F6CE3E7F+851471]
	Microsoft::Applications::Events::EventProperty::EventProperty [0x00007FF7F6CE8EE4+872052]
	Microsoft::Applications::Events::EventProperty::EventProperty [0x00007FF7F6CE903C+872396]
	Microsoft::Applications::Events::EventProperty::EventProperty [0x00007FF7F6CF134B+905947]
	BaseThreadInitThunk [0x00007FFEDDBA54E0+16]
	RtlUserThreadStart [0x00007FFEDF76485B+43]

	at java.base/jdk.internal.reflect.NativeConstructorAccessorImpl.newInstance0(Native Method)
	at java.base/jdk.internal.reflect.NativeConstructorAccessorImpl.newInstance(NativeConstructorAccessorImpl.java:77)
	at java.base/jdk.internal.reflect.DelegatingConstructorAccessorImpl.newInstance(DelegatingConstructorAccessorImpl.java:45)
	at java.base/java.lang.reflect.Constructor.newInstanceWithCaller(Constructor.java:499)
	at java.base/java.lang.reflect.Constructor.newInstance(Constructor.java:480)
	at org.openqa.selenium.remote.W3CHandshakeResponse.lambda$errorHandler$0(W3CHandshakeResponse.java:62)
	at org.openqa.selenium.remote.HandshakeResponse.lambda$getResponseFunction$0(HandshakeResponse.java:30)
	at org.openqa.selenium.remote.ProtocolHandshake.lambda$createSession$0(ProtocolHandshake.java:126)
	at java.base/java.util.stream.ReferencePipeline$3$1.accept(ReferencePipeline.java:197)
	at java.base/java.util.Spliterators$ArraySpliterator.tryAdvance(Spliterators.java:1002)
	at java.base/java.util.stream.ReferencePipeline.forEachWithCancel(ReferencePipeline.java:129)
	at java.base/java.util.stream.AbstractPipeline.copyIntoWithCancel(AbstractPipeline.java:527)
	at java.base/java.util.stream.AbstractPipeline.copyInto(AbstractPipeline.java:513)
	at java.base/java.util.stream.AbstractPipeline.wrapAndCopyInto(AbstractPipeline.java:499)
	at java.base/java.util.stream.FindOps$FindOp.evaluateSequential(FindOps.java:150)
	at java.base/java.util.stream.AbstractPipeline.evaluate(AbstractPipeline.java:234)
	at java.base/java.util.stream.ReferencePipeline.findFirst(ReferencePipeline.java:647)
	at org.openqa.selenium.remote.ProtocolHandshake.createSession(ProtocolHandshake.java:128)
	at org.openqa.selenium.remote.ProtocolHandshake.createSession(ProtocolHandshake.java:74)
	at org.openqa.selenium.remote.HttpCommandExecutor.execute(HttpCommandExecutor.java:136)
	at org.openqa.selenium.remote.service.DriverCommandExecutor.execute(DriverCommandExecutor.java:83)
	at org.openqa.selenium.remote.RemoteWebDriver.execute(RemoteWebDriver.java:552)
	at org.openqa.selenium.remote.RemoteWebDriver.startSession(RemoteWebDriver.java:213)
	at org.openqa.selenium.remote.RemoteWebDriver.&lt;init&gt;(RemoteWebDriver.java:131)
	at org.openqa.selenium.edge.EdgeDriver.&lt;init&gt;(EdgeDriver.java:141)
	at org.openqa.selenium.edge.EdgeDriver.&lt;init&gt;(EdgeDriver.java:96)
	at BrowserSetup.Base.OpenEgdeBrowser(Base.java:33)
	at DemoTestNG.DemoTestNG2.OpenBrowser(DemoTestNG2.java:63)
	at java.base/jdk.internal.reflect.NativeMethodAccessorImpl.invoke0(Native Method)
	at java.base/jdk.internal.reflect.NativeMethodAccessorImpl.invoke(NativeMethodAccessorImpl.java:77)
	at java.base/jdk.internal.reflect.DelegatingMethodAccessorImpl.invoke(DelegatingMethodAccessorImpl.java:43)
	at java.base/java.lang.reflect.Method.invoke(Method.java:568)
	at org.testng.internal.MethodInvocationHelper.invokeMethod(MethodInvocationHelper.java:133)
	at org.testng.internal.MethodInvocationHelper.invokeMethodConsideringTimeout(MethodInvocationHelper.java:62)
	at org.testng.internal.ConfigInvoker.invokeConfigurationMethod(ConfigInvoker.java:385)
	at org.testng.internal.ConfigInvoker.invokeConfigurations(ConfigInvoker.java:321)
	at org.testng.TestRunner.invokeTestConfigurations(TestRunner.java:637)
	at org.testng.TestRunner.beforeRun(TestRunner.java:627)
	at org.testng.TestRunner.run(TestRunner.java:589)
	at org.testng.SuiteRunner.runTest(SuiteRunner.java:377)
	at org.testng.SuiteRunner.access$000(SuiteRunner.java:28)
	at org.testng.SuiteRunner$SuiteWorker.run(SuiteRunner.java:418)
	at org.testng.internal.thread.ThreadUtil.lambda$execute$0(ThreadUtil.java:64)
	at java.base/java.util.concurrent.FutureTask.run(FutureTask.java:264)
	at java.base/java.util.concurrent.ThreadPoolExecutor.runWorker(ThreadPoolExecutor.java:1136)
	at java.base/java.util.concurrent.ThreadPoolExecutor$Worker.run(ThreadPoolExecutor.java:635)
	at java.base/java.lang.Thread.run(Thread.java:833)
</pre></div></td>
<td>0</td>
<td>DemoTestNG.DemoTestNG2@4135c3b</td></tr>
<tr>
<td title='DemoTestNG.LoginTestNG.VerifyLoginPageisOpen()'><b>VerifyLoginPageisOpen</b><br>Test class: DemoTestNG.LoginTestNG</td>
<td><div><pre>org.openqa.selenium.SessionNotCreatedException: session not created: This version of Microsoft Edge WebDriver only supports Microsoft Edge version 110
Current browser version is 113.0.1774.35 with binary path C:\Program Files (x86)\Microsoft\Edge\Application\msedge.exe
Build info: version: &apos;3.141.59&apos;, revision: &apos;e82be7d358&apos;, time: &apos;2018-11-14T08:17:03&apos;
System info: host: &apos;ACER&apos;, ip: &apos;192.168.139.83&apos;, os.name: &apos;Windows 11&apos;, os.arch: &apos;amd64&apos;, os.version: &apos;10.0&apos;, java.version: &apos;17.0.5&apos;
Driver info: driver.version: EdgeDriver
remote stacktrace: Backtrace:
	Microsoft::Applications::Events::EventProperties::SetProperty [0x00007FF7F6D448E2+14722]
	Microsoft::Applications::Events::EventProperty::EventProperty [0x00007FF7F6CDB972+817410]
	(No symbol) [0x00007FF7F696DB50]
	(No symbol) [0x00007FF7F699E691]
	(No symbol) [0x00007FF7F699943D]
	(No symbol) [0x00007FF7F69946B6]
	(No symbol) [0x00007FF7F69D868F]
	(No symbol) [0x00007FF7F69D0343]
	(No symbol) [0x00007FF7F69A1FFC]
	(No symbol) [0x00007FF7F69A0F7E]
	(No symbol) [0x00007FF7F69A27EE]
	Microsoft::Applications::Events::EventProperties::SetProperty [0x00007FF7F6BBF580+181072]
	(No symbol) [0x00007FF7F6A707F7]
	Microsoft::Applications::Events::EventProperty::EventProperty [0x00007FF7F6C20252+49634]
	Microsoft::Applications::Events::EventProperty::EventProperty [0x00007FF7F6C23455+62437]
	Microsoft::Applications::Events::ILogManager::DispatchEventBroadcast [0x00007FF7F6F32018+1407928]
	Microsoft::Applications::Events::EventProperty::EventProperty [0x00007FF7F6CE3E7F+851471]
	Microsoft::Applications::Events::EventProperty::EventProperty [0x00007FF7F6CE8EE4+872052]
	Microsoft::Applications::Events::EventProperty::EventProperty [0x00007FF7F6CE903C+872396]
	Microsoft::Applications::Events::EventProperty::EventProperty [0x00007FF7F6CF134B+905947]
	BaseThreadInitThunk [0x00007FFEDDBA54E0+16]
	RtlUserThreadStart [0x00007FFEDF76485B+43]

	at org.openqa.selenium.remote.W3CHandshakeResponse.lambda$errorHandler$0(W3CHandshakeResponse.java:62)
	at org.openqa.selenium.remote.HandshakeResponse.lambda$getResponseFunction$0(HandshakeResponse.java:30)
	at org.openqa.selenium.remote.ProtocolHandshake.lambda$createSession$0(ProtocolHandshake.java:126)
	at java.base/java.util.stream.ReferencePipeline$3$1.accept(ReferencePipeline.java:197)
	at java.base/java.util.Spliterators$ArraySpliterator.tryAdvance(Spliterators.java:1002)
	at java.base/java.util.stream.ReferencePipeline.forEachWithCancel(ReferencePipeline.java:129)
	at java.base/java.util.stream.AbstractPipeline.copyIntoWithCancel(AbstractPipeline.java:527)
	at java.base/java.util.stream.AbstractPipeline.copyInto(AbstractPipeline.java:513)
	at java.base/java.util.stream.AbstractPipeline.wrapAndCopyInto(AbstractPipeline.java:499)
	at java.base/java.util.stream.FindOps$FindOp.evaluateSequential(FindOps.java:150)
	at java.base/java.util.stream.AbstractPipeline.evaluate(AbstractPipeline.java:234)
	at java.base/java.util.stream.ReferencePipeline.findFirst(ReferencePipeline.java:647)
	at org.openqa.selenium.remote.ProtocolHandshake.createSession(ProtocolHandshake.java:128)
	at org.openqa.selenium.remote.ProtocolHandshake.createSession(ProtocolHandshake.java:74)
	at org.openqa.selenium.remote.HttpCommandExecutor.execute(HttpCommandExecutor.java:136)
	at org.openqa.selenium.remote.service.DriverCommandExecutor.execute(DriverCommandExecutor.java:83)
	at org.openqa.selenium.remote.RemoteWebDriver.execute(RemoteWebDriver.java:552)
	at org.openqa.selenium.remote.RemoteWebDriver.startSession(RemoteWebDriver.java:213)
	at org.openqa.selenium.remote.RemoteWebDriver.&lt;init&gt;(RemoteWebDriver.java:131)
	at org.openqa.selenium.edge.EdgeDriver.&lt;init&gt;(EdgeDriver.java:141)
	at org.openqa.selenium.edge.EdgeDriver.&lt;init&gt;(EdgeDriver.java:96)
	at BrowserSetup.Base.OpenEgdeBrowser(Base.java:33)
	at DemoTestNG.DemoTestNG2.OpenBrowser(DemoTestNG2.java:63)
	at java.base/java.util.concurrent.FutureTask.run(FutureTask.java:264)
	at java.base/java.util.concurrent.ThreadPoolExecutor.runWorker(ThreadPoolExecutor.java:1136)
	at java.base/java.util.concurrent.ThreadPoolExecutor$Worker.run(ThreadPoolExecutor.java:635)
	at java.base/java.lang.Thread.run(Thread.java:833)
... Removed 20 stack frames</pre></div><a href='#' onClick='toggleBox("stack-trace1279008306", this, "Click to show all stack frames", "Click to hide stack frames")'>Click to show all stack frames</a>
<div class='stack-trace' id='stack-trace1279008306'><pre>org.openqa.selenium.SessionNotCreatedException: session not created: This version of Microsoft Edge WebDriver only supports Microsoft Edge version 110
Current browser version is 113.0.1774.35 with binary path C:\Program Files (x86)\Microsoft\Edge\Application\msedge.exe
Build info: version: &apos;3.141.59&apos;, revision: &apos;e82be7d358&apos;, time: &apos;2018-11-14T08:17:03&apos;
System info: host: &apos;ACER&apos;, ip: &apos;192.168.139.83&apos;, os.name: &apos;Windows 11&apos;, os.arch: &apos;amd64&apos;, os.version: &apos;10.0&apos;, java.version: &apos;17.0.5&apos;
Driver info: driver.version: EdgeDriver
remote stacktrace: Backtrace:
	Microsoft::Applications::Events::EventProperties::SetProperty [0x00007FF7F6D448E2+14722]
	Microsoft::Applications::Events::EventProperty::EventProperty [0x00007FF7F6CDB972+817410]
	(No symbol) [0x00007FF7F696DB50]
	(No symbol) [0x00007FF7F699E691]
	(No symbol) [0x00007FF7F699943D]
	(No symbol) [0x00007FF7F69946B6]
	(No symbol) [0x00007FF7F69D868F]
	(No symbol) [0x00007FF7F69D0343]
	(No symbol) [0x00007FF7F69A1FFC]
	(No symbol) [0x00007FF7F69A0F7E]
	(No symbol) [0x00007FF7F69A27EE]
	Microsoft::Applications::Events::EventProperties::SetProperty [0x00007FF7F6BBF580+181072]
	(No symbol) [0x00007FF7F6A707F7]
	Microsoft::Applications::Events::EventProperty::EventProperty [0x00007FF7F6C20252+49634]
	Microsoft::Applications::Events::EventProperty::EventProperty [0x00007FF7F6C23455+62437]
	Microsoft::Applications::Events::ILogManager::DispatchEventBroadcast [0x00007FF7F6F32018+1407928]
	Microsoft::Applications::Events::EventProperty::EventProperty [0x00007FF7F6CE3E7F+851471]
	Microsoft::Applications::Events::EventProperty::EventProperty [0x00007FF7F6CE8EE4+872052]
	Microsoft::Applications::Events::EventProperty::EventProperty [0x00007FF7F6CE903C+872396]
	Microsoft::Applications::Events::EventProperty::EventProperty [0x00007FF7F6CF134B+905947]
	BaseThreadInitThunk [0x00007FFEDDBA54E0+16]
	RtlUserThreadStart [0x00007FFEDF76485B+43]

	at java.base/jdk.internal.reflect.NativeConstructorAccessorImpl.newInstance0(Native Method)
	at java.base/jdk.internal.reflect.NativeConstructorAccessorImpl.newInstance(NativeConstructorAccessorImpl.java:77)
	at java.base/jdk.internal.reflect.DelegatingConstructorAccessorImpl.newInstance(DelegatingConstructorAccessorImpl.java:45)
	at java.base/java.lang.reflect.Constructor.newInstanceWithCaller(Constructor.java:499)
	at java.base/java.lang.reflect.Constructor.newInstance(Constructor.java:480)
	at org.openqa.selenium.remote.W3CHandshakeResponse.lambda$errorHandler$0(W3CHandshakeResponse.java:62)
	at org.openqa.selenium.remote.HandshakeResponse.lambda$getResponseFunction$0(HandshakeResponse.java:30)
	at org.openqa.selenium.remote.ProtocolHandshake.lambda$createSession$0(ProtocolHandshake.java:126)
	at java.base/java.util.stream.ReferencePipeline$3$1.accept(ReferencePipeline.java:197)
	at java.base/java.util.Spliterators$ArraySpliterator.tryAdvance(Spliterators.java:1002)
	at java.base/java.util.stream.ReferencePipeline.forEachWithCancel(ReferencePipeline.java:129)
	at java.base/java.util.stream.AbstractPipeline.copyIntoWithCancel(AbstractPipeline.java:527)
	at java.base/java.util.stream.AbstractPipeline.copyInto(AbstractPipeline.java:513)
	at java.base/java.util.stream.AbstractPipeline.wrapAndCopyInto(AbstractPipeline.java:499)
	at java.base/java.util.stream.FindOps$FindOp.evaluateSequential(FindOps.java:150)
	at java.base/java.util.stream.AbstractPipeline.evaluate(AbstractPipeline.java:234)
	at java.base/java.util.stream.ReferencePipeline.findFirst(ReferencePipeline.java:647)
	at org.openqa.selenium.remote.ProtocolHandshake.createSession(ProtocolHandshake.java:128)
	at org.openqa.selenium.remote.ProtocolHandshake.createSession(ProtocolHandshake.java:74)
	at org.openqa.selenium.remote.HttpCommandExecutor.execute(HttpCommandExecutor.java:136)
	at org.openqa.selenium.remote.service.DriverCommandExecutor.execute(DriverCommandExecutor.java:83)
	at org.openqa.selenium.remote.RemoteWebDriver.execute(RemoteWebDriver.java:552)
	at org.openqa.selenium.remote.RemoteWebDriver.startSession(RemoteWebDriver.java:213)
	at org.openqa.selenium.remote.RemoteWebDriver.&lt;init&gt;(RemoteWebDriver.java:131)
	at org.openqa.selenium.edge.EdgeDriver.&lt;init&gt;(EdgeDriver.java:141)
	at org.openqa.selenium.edge.EdgeDriver.&lt;init&gt;(EdgeDriver.java:96)
	at BrowserSetup.Base.OpenEgdeBrowser(Base.java:33)
	at DemoTestNG.DemoTestNG2.OpenBrowser(DemoTestNG2.java:63)
	at java.base/jdk.internal.reflect.NativeMethodAccessorImpl.invoke0(Native Method)
	at java.base/jdk.internal.reflect.NativeMethodAccessorImpl.invoke(NativeMethodAccessorImpl.java:77)
	at java.base/jdk.internal.reflect.DelegatingMethodAccessorImpl.invoke(DelegatingMethodAccessorImpl.java:43)
	at java.base/java.lang.reflect.Method.invoke(Method.java:568)
	at org.testng.internal.MethodInvocationHelper.invokeMethod(MethodInvocationHelper.java:133)
	at org.testng.internal.MethodInvocationHelper.invokeMethodConsideringTimeout(MethodInvocationHelper.java:62)
	at org.testng.internal.ConfigInvoker.invokeConfigurationMethod(ConfigInvoker.java:385)
	at org.testng.internal.ConfigInvoker.invokeConfigurations(ConfigInvoker.java:321)
	at org.testng.TestRunner.invokeTestConfigurations(TestRunner.java:637)
	at org.testng.TestRunner.beforeRun(TestRunner.java:627)
	at org.testng.TestRunner.run(TestRunner.java:589)
	at org.testng.SuiteRunner.runTest(SuiteRunner.java:377)
	at org.testng.SuiteRunner.access$000(SuiteRunner.java:28)
	at org.testng.SuiteRunner$SuiteWorker.run(SuiteRunner.java:418)
	at org.testng.internal.thread.ThreadUtil.lambda$execute$0(ThreadUtil.java:64)
	at java.base/java.util.concurrent.FutureTask.run(FutureTask.java:264)
	at java.base/java.util.concurrent.ThreadPoolExecutor.runWorker(ThreadPoolExecutor.java:1136)
	at java.base/java.util.concurrent.ThreadPoolExecutor$Worker.run(ThreadPoolExecutor.java:635)
	at java.base/java.lang.Thread.run(Thread.java:833)
</pre></div></td>
<td>0</td>
<td>DemoTestNG.LoginTestNG@6302bbb1</td></tr>
</table><p>
</body>
</html>