<?xml version="1.0" encoding="UTF-8"?>
<!-- Generated by org.testng.reporters.JUnitXMLReporter -->
<testsuite ignored="0" hostname="ACER" failures="1" tests="7" name="Test1" time="20.58" errors="0" timestamp="2023-03-23T11:37:39 IST">
  <testcase classname="DemoTestNG.DemoTestNG2" name="VerifyMessageonSignUppage" time="0.031">
    <failure type="java.lang.AssertionError" message="The following asserts failed:
	Text is wrong expected [Add new user] but found [Selenium Webdriver]">
      <![CDATA[java.lang.AssertionError: The following asserts failed:
Text is wrong expected [Add new user] but found [Selenium Webdriver]
at DemoTestNG.DemoTestNG2.VerifyMessageonSignUppage(DemoTestNG2.java:63)
at java.base/java.util.ArrayList.forEach(ArrayList.java:1511)
... Removed 29 stack frames]]>
    </failure>
  </testcase> <!-- VerifyMessageonSignUppage -->
  <testcase classname="DemoTestNG.DemoTestNG2" name="VerifysignupButtononSignupPage" time="0.0">
    <skipped/>
  </testcase> <!-- VerifysignupButtononSignupPage -->
  <testcase classname="DemoTestNG.DemoTestNG2" name="VerifytheaccountisalreadyExit" time="1.73"/>
  <testcase classname="DemoTestNG.DemoTestNG2" name="VerifyMessageonSignUpPageisSignup" time="0.028"/>
  <testcase classname="DemoTestNG.LoginTestNG" name="VerifyLoginPageisOpen" time="0.013"/>
  <testcase classname="DemoTestNG.LoginTestNG" name="VerifyLoginTextprsentinPage" time="0.025"/>
  <testcase classname="DemoTestNG.LoginTestNG" name="VerifyLoginFunctionality" time="3.887"/>
</testsuite> <!-- Test1 -->
